<?xml version="1.0" encoding="UTF-8" standalone="yes"?>
<testsuites name="PartyOnboardingPersonal" time="345" tests="5" failures="0" errors="0">
    <testsuite name="PartyOnboardingPersonal" tests="5" failures="0" errors="0" time="345" timestamp="2019-08-20 16:50:14" hostname="HP - CNU406BFVL" id="Test Suites/DataPreparation/PartyOnboardingPersonal">
        <properties>
[...]
</properties>
        <testcase name="Test Cases/Login" classname="Test Cases/Login" status="PASSED">
            <system-out>2019-08-20 16:50:14 - [TEST_CASE][PASSED] - Test Cases/Login: Test Cases/Login&#xD;
&#xD;
2019-08-20 16:50:14 - [TEST_STEP][PASSED] - Start listener action : sampleBeforeTestCase: null&#xD;
&#xD;
2019-08-20 16:50:15 - [TEST_STEP][PASSED] - testCaseID = testCaseContext.getTestCaseId(): null&#xD;
&#xD;
2019-08-20 16:50:15 - [TEST_STEP][PASSED] - logger = new com.kms.katalon.core.util.KeywordUtil(): null&#xD;
&#xD;
2019-08-20 16:50:15 - [TEST_STEP][PASSED] - loginPage = new pageObjects.LoginPage(): null&#xD;
&#xD;
2019-08-20 16:50:15 - [TEST_STEP][PASSED] - logger.logInfo("Login - Step01 - Open browser"): Login - Step01 - Open browser&#xD;
&#xD;
2019-08-20 16:50:15 - [MESSAGE][INFO] - Login - Step01 - Open browser&#xD;
&#xD;
2019-08-20 16:50:15 - [TEST_STEP][PASSED] - loginPage.openBrowser(url, active): Current window maximized&#xD;
&#xD;
2019-08-20 16:50:16 - [MESSAGE][INFO] - Starting 'Chrome' driver&#xD;
&#xD;
2019-08-20 16:50:16 - [MESSAGE][INFO] - Action delay is set to 0 seconds&#xD;
&#xD;
2019-08-20 16:50:22 - [MESSAGE][PASSED] - Browser is opened with url: 'http://172.24.192.30:9080/uxp/rt/html/layout.html?locale=en-gb'&#xD;
&#xD;
2019-08-20 16:50:24 - [MESSAGE][PASSED] - Current window maximized&#xD;
&#xD;
2019-08-20 16:50:24 - [TEST_STEP][PASSED] - logger.logInfo("Login - Step02 - Input Username"): Login - Step02 - Input Username&#xD;
&#xD;
2019-08-20 16:50:24 - [MESSAGE][INFO] - Login - Step02 - Input Username&#xD;
&#xD;
2019-08-20 16:50:24 - [TEST_STEP][PASSED] - loginPage.inputUsername(username, active): Keys 'br1user006' sent to object: 'Object Repository/LogIn/input_Username_user'&#xD;
&#xD;
2019-08-20 16:50:24 - [MESSAGE][PASSED] - Object 'Object Repository/LogIn/input_Username_user' is present&#xD;
&#xD;
2019-08-20 16:50:24 - [MESSAGE][PASSED] - Keys 'br1user006' sent to object: 'Object Repository/LogIn/input_Username_user'&#xD;
&#xD;
2019-08-20 16:50:24 - [TEST_STEP][PASSED] - logger.logInfo("Login - Step03 - Input Password"): Login - Step03 - Input Password&#xD;
&#xD;
2019-08-20 16:50:24 - [MESSAGE][INFO] - Login - Step03 - Input Password&#xD;
&#xD;
2019-08-20 16:50:24 - [TEST_STEP][PASSED] - loginPage.inputPassword(password, active): Keys 'User006!@#' sent to object: 'Object Repository/LogIn/input_Password_pwd'&#xD;
&#xD;
2019-08-20 16:50:24 - [MESSAGE][PASSED] - Object 'Object Repository/LogIn/input_Password_pwd' is present&#xD;
&#xD;
2019-08-20 16:50:24 - [MESSAGE][PASSED] - Keys 'User006!@#' sent to object: 'Object Repository/LogIn/input_Password_pwd'&#xD;
&#xD;
2019-08-20 16:50:24 - [TEST_STEP][PASSED] - logger.logInfo("Login - Step04 - Click Sign In button"): Login - Step04 - Click Sign In button&#xD;
&#xD;
2019-08-20 16:50:24 - [MESSAGE][INFO] - Login - Step04 - Click Sign In button&#xD;
&#xD;
2019-08-20 16:50:24 - [TEST_STEP][PASSED] - loginPage.clickSingin(active): Object: 'Object Repository/LogIn/input_Password_login' is clicked on&#xD;
&#xD;
2019-08-20 16:50:24 - [MESSAGE][PASSED] - Object 'Object Repository/LogIn/input_Password_login' is present&#xD;
&#xD;
2019-08-20 16:50:26 - [MESSAGE][PASSED] - Object: 'Object Repository/LogIn/input_Password_login' is clicked on&#xD;
&#xD;
2019-08-20 16:50:26 - [TEST_STEP][PASSED] - logger.logInfo("Login - wait load page"): Login - wait load page&#xD;
&#xD;
2019-08-20 16:50:26 - [MESSAGE][INFO] - Login - wait load page&#xD;
&#xD;
2019-08-20 16:50:26 - [TEST_STEP][PASSED] - loginPage.waitLoadPage(active): Wait for page load successfully&#xD;
&#xD;
2019-08-20 16:50:26 - [MESSAGE][PASSED] - Wait for page load successfully</system-out>
            <system-err></system-err>
        </testcase>
        <testcase name="Test Cases/DataPreparation/PartyOnboardingPersonal" classname="Test Cases/DataPreparation/PartyOnboardingPersonal" status="PASSED">
            <system-out>2019-08-20 16:50:26 - [TEST_CASE][PASSED] - Test Cases/DataPreparation/PartyOnboardingPersonal: Test Cases/DataPreparation/PartyOnboardingPersonal&#xD;
&#xD;
2019-08-20 16:50:26 - [TEST_STEP][PASSED] - Start listener action : sampleBeforeTestCase: null&#xD;
&#xD;
2019-08-20 16:50:26 - [TEST_STEP][PASSED] - testCaseID = testCaseContext.getTestCaseId(): null&#xD;
&#xD;
2019-08-20 16:50:26 - [TEST_STEP][PASSED] - partyOnboardingPersonal = new pageObjects.PartyOnboardingPersonal(): null&#xD;
&#xD;
2019-08-20 16:50:26 - [TEST_STEP][PASSED] - abtractTest = new commons.AbtractTest(): null&#xD;
&#xD;
2019-08-20 16:50:26 - [TEST_STEP][PASSED] - excelFiles = new report.ExcelFiles(): null&#xD;
&#xD;
2019-08-20 16:50:26 - [TEST_STEP][PASSED] - log = new com.kms.katalon.core.util.KeywordUtil(): null&#xD;
&#xD;
2019-08-20 16:50:26 - [TEST_STEP][PASSED] - results = "": null&#xD;
&#xD;
2019-08-20 16:50:26 - [TEST_STEP][PASSED] - delay(3): Delayed 3 second(s)&#xD;
&#xD;
2019-08-20 16:50:30 - [MESSAGE][PASSED] - Delayed 3 second(s)&#xD;
&#xD;
2019-08-20 16:50:30 - [TEST_STEP][PASSED] - log.logInfo("--- Open Party Onboarding in Menu Search ---"): --- Open Party Onboarding in Menu Search ---&#xD;
&#xD;
2019-08-20 16:50:30 - [MESSAGE][INFO] - --- Open Party Onboarding in Menu Search ---&#xD;
&#xD;
2019-08-20 16:50:30 - [TEST_STEP][PASSED] - partyOnboardingPersonal.inputPartyOnboardingMenuSearch(): Object 'menuSearch_txt' is present&#xD;
&#xD;
2019-08-20 16:50:30 - [MESSAGE][PASSED] - Object 'Object Repository/Menu_Search' is visible&#xD;
&#xD;
2019-08-20 16:50:30 - [MESSAGE][PASSED] - Keys 'ENTER + Party Onboarding' sent to object: 'Object Repository/Menu_Search'&#xD;
&#xD;
2019-08-20 16:50:30 - [MESSAGE][PASSED] - Object 'menuSearch_txt' is present&#xD;
&#xD;
2019-08-20 16:50:30 - [TEST_STEP][PASSED] - log.logInfo("--- Input Local Global ---"): --- Input Local Global ---&#xD;
&#xD;
2019-08-20 16:50:30 - [MESSAGE][INFO] - --- Input Local Global ---&#xD;
&#xD;
2019-08-20 16:50:30 - [TEST_STEP][PASSED] - partyOnboardingPersonal.inputLocalGlobal(s05_localglobal): Keys 'Local Private' sent to object: 'Object Repository/PartyOnboarding/PartyOnboarding/Local Global'&#xD;
&#xD;
2019-08-20 16:50:31 - [MESSAGE][PASSED] - Text of object 'Object Repository/PartyOnboarding/PartyOnboarding/Local Global' is cleared&#xD;
&#xD;
2019-08-20 16:50:31 - [MESSAGE][PASSED] - Object 'Object Repository/PartyOnboarding/PartyOnboarding/Local Global' is visible&#xD;
&#xD;
2019-08-20 16:50:31 - [MESSAGE][PASSED] - Object 'Object Repository/PartyOnboarding/PartyOnboarding/Local Global' is visible&#xD;
&#xD;
2019-08-20 16:50:32 - [MESSAGE][PASSED] - Keys 'Local Private' sent to object: 'Object Repository/PartyOnboarding/PartyOnboarding/Local Global'&#xD;
&#xD;
2019-08-20 16:50:32 - [TEST_STEP][PASSED] - log.logInfo("--- Input Party Type ---"): --- Input Party Type ---&#xD;
&#xD;
2019-08-20 16:50:32 - [MESSAGE][INFO] - --- Input Party Type ---&#xD;
&#xD;
2019-08-20 16:50:32 - [TEST_STEP][PASSED] - partyOnboardingPersonal.inputPartyType(s05_partytype): Keys 'TAB + Personal' sent to object: 'Object Repository/PartyOnboarding/PartyOnboarding/Party Type'&#xD;
&#xD;
2019-08-20 16:50:32 - [MESSAGE][PASSED] - Object 'Object Repository/PartyOnboarding/PartyOnboarding/Party Type' is visible&#xD;
&#xD;
2019-08-20 16:50:32 - [MESSAGE][PASSED] - Keys 'TAB + Personal' sent to object: 'Object Repository/PartyOnboarding/PartyOnboarding/Party Type'&#xD;
&#xD;
2019-08-20 16:50:32 - [TEST_STEP][PASSED] - log.logInfo("--- Input Party Sub Type ---"): --- Input Party Sub Type ---&#xD;
&#xD;
2019-08-20 16:50:32 - [MESSAGE][INFO] - --- Input Party Sub Type ---&#xD;
&#xD;
2019-08-20 16:50:32 - [TEST_STEP][PASSED] - partyOnboardingPersonal.inputPartySubType(s05_partysubtype): Keys 'Individual' sent to object: 'Object Repository/PartyOnboarding/PartyOnboarding/Party Sub-Type'&#xD;
&#xD;
2019-08-20 16:50:33 - [MESSAGE][PASSED] - Delayed 1 second(s)&#xD;
&#xD;
2019-08-20 16:50:33 - [MESSAGE][PASSED] - Object 'Object Repository/PartyOnboarding/PartyOnboarding/Party Type' is visible&#xD;
&#xD;
2019-08-20 16:50:33 - [MESSAGE][PASSED] - Keys 'Individual' sent to object: 'Object Repository/PartyOnboarding/PartyOnboarding/Party Sub-Type'&#xD;
&#xD;
2019-08-20 16:50:33 - [TEST_STEP][PASSED] - log.logInfo("--- Input Party Category ---"): --- Input Party Category ---&#xD;
&#xD;
2019-08-20 16:50:33 - [MESSAGE][INFO] - --- Input Party Category ---&#xD;
&#xD;
2019-08-20 16:50:33 - [TEST_STEP][PASSED] - partyOnboardingPersonal.inputPartyCategory(s05_partycategory): Keys 'Full' sent to object: 'Object Repository/PartyOnboarding/PartyOnboarding/Party Category'&#xD;
&#xD;
2019-08-20 16:50:33 - [MESSAGE][PASSED] - Object 'Object Repository/PartyOnboarding/PartyOnboarding/Party Category' is visible&#xD;
&#xD;
2019-08-20 16:50:34 - [MESSAGE][PASSED] - Keys 'Full' sent to object: 'Object Repository/PartyOnboarding/PartyOnboarding/Party Category'&#xD;
&#xD;
2019-08-20 16:50:34 - [TEST_STEP][PASSED] - log.logInfo("--- Check Line of Business ---"): --- Check Line of Business ---&#xD;
&#xD;
2019-08-20 16:50:34 - [MESSAGE][INFO] - --- Check Line of Business ---&#xD;
&#xD;
2019-08-20 16:50:34 - [TEST_STEP][PASSED] - log.logInfo("--- Click Next to Party Check List  ---"): --- Click Next to Party Check List  ---&#xD;
&#xD;
2019-08-20 16:50:34 - [MESSAGE][INFO] - --- Click Next to Party Check List  ---&#xD;
&#xD;
2019-08-20 16:50:34 - [TEST_STEP][PASSED] - partyOnboardingPersonal.clickNextbutton(): Object: 'Object Repository/PartyOnboarding/btn_Next' is clicked on&#xD;
&#xD;
2019-08-20 16:50:34 - [MESSAGE][PASSED] - Object 'Object Repository/PartyOnboarding/btn_Next' is visible&#xD;
&#xD;
2019-08-20 16:50:34 - [MESSAGE][PASSED] - Object: 'Object Repository/PartyOnboarding/btn_Next' is clicked on&#xD;
&#xD;
2019-08-20 16:50:34 - [TEST_STEP][PASSED] - delay(1): Delayed 1 second(s)&#xD;
&#xD;
2019-08-20 16:50:35 - [MESSAGE][PASSED] - Delayed 1 second(s)&#xD;
&#xD;
2019-08-20 16:50:35 - [TEST_STEP][PASSED] - log.logInfo("--- Click Next to Party Pre-Existence Check  ---"): --- Click Next to Party Pre-Existence Check  ---&#xD;
&#xD;
2019-08-20 16:50:35 - [MESSAGE][INFO] - --- Click Next to Party Pre-Existence Check  ---&#xD;
&#xD;
2019-08-20 16:50:35 - [TEST_STEP][PASSED] - partyOnboardingPersonal.clickNextbutton(): Object: 'Object Repository/PartyOnboarding/btn_Next' is clicked on&#xD;
&#xD;
2019-08-20 16:50:35 - [MESSAGE][PASSED] - Object 'Object Repository/PartyOnboarding/btn_Next' is visible&#xD;
&#xD;
2019-08-20 16:50:35 - [MESSAGE][PASSED] - Object: 'Object Repository/PartyOnboarding/btn_Next' is clicked on&#xD;
&#xD;
2019-08-20 16:50:35 - [TEST_STEP][PASSED] - delay(1): Delayed 1 second(s)&#xD;
&#xD;
2019-08-20 16:50:36 - [MESSAGE][PASSED] - Delayed 1 second(s)&#xD;
&#xD;
2019-08-20 16:50:36 - [TEST_STEP][PASSED] - log.logInfo("--- Input data on Party Pre-Existence Check  ---"): --- Input data on Party Pre-Existence Check  ---&#xD;
&#xD;
2019-08-20 16:50:36 - [MESSAGE][INFO] - --- Input data on Party Pre-Existence Check  ---&#xD;
&#xD;
2019-08-20 16:50:36 - [TEST_STEP][PASSED] - partyOnboardingPersonal.inputPreExistenceCheck(s08_firstname, s08_dateofbirth, s08_nationalldType, s08_nationalldNo, s08_lastname, s08_strState, s08_district01, s08_district02, s08_district03, s08_strType, s08_strregstrationNo): Keys '237516' sent to object: 'Object Repository/PartyOnboarding/Personal/Pre-Existence Check/txt_NationalldNo'&#xD;
&#xD;
2019-08-20 16:50:36 - [MESSAGE][PASSED] - Object 'Object Repository/PartyOnboarding/Personal/Pre-Existence Check/txt_FirstName' is visible&#xD;
&#xD;
2019-08-20 16:50:36 - [MESSAGE][PASSED] - Keys 'ATO 0000001' sent to object: 'Object Repository/PartyOnboarding/Personal/Pre-Existence Check/txt_FirstName'&#xD;
&#xD;
2019-08-20 16:50:36 - [MESSAGE][PASSED] - Object 'Object Repository/PartyOnboarding/Personal/Pre-Existence Check/txt_LastName' is visible&#xD;
&#xD;
2019-08-20 16:50:36 - [MESSAGE][PASSED] - Keys 'Nguyen' sent to object: 'Object Repository/PartyOnboarding/Personal/Pre-Existence Check/txt_LastName'&#xD;
&#xD;
2019-08-20 16:50:36 - [MESSAGE][PASSED] - Object 'Object Repository/PartyOnboarding/Personal/Pre-Existence Check/txt_DateOfBirth' is visible&#xD;
&#xD;
2019-08-20 16:50:37 - [MESSAGE][PASSED] - Keys '12-17-1990' sent to object: 'Object Repository/PartyOnboarding/Personal/Pre-Existence Check/txt_DateOfBirth'&#xD;
&#xD;
2019-08-20 16:50:37 - [MESSAGE][PASSED] - Object 'Object Repository/PartyOnboarding/Personal/Pre-Existence Check/ddl_NationlldType' is visible&#xD;
&#xD;
2019-08-20 16:50:37 - [MESSAGE][PASSED] - Keys 'TAB + Birth Certificate Number' sent to object: 'Object Repository/PartyOnboarding/Personal/Pre-Existence Check/ddl_NationlldType'&#xD;
&#xD;
2019-08-20 16:50:37 - [MESSAGE][PASSED] - Object 'Object Repository/PartyOnboarding/Personal/Pre-Existence Check/txt_NationalldNo' is visible&#xD;
&#xD;
2019-08-20 16:50:37 - [MESSAGE][PASSED] - Keys '237516' sent to object: 'Object Repository/PartyOnboarding/Personal/Pre-Existence Check/txt_NationalldNo'&#xD;
&#xD;
2019-08-20 16:50:37 - [TEST_STEP][PASSED] - log.logInfo("--- Click Next button ---"): --- Click Next button ---&#xD;
&#xD;
2019-08-20 16:50:37 - [MESSAGE][INFO] - --- Click Next button ---&#xD;
&#xD;
2019-08-20 16:50:37 - [TEST_STEP][PASSED] - partyOnboardingPersonal.clickNextbutton(): Object: 'Object Repository/PartyOnboarding/btn_Next' is clicked on&#xD;
&#xD;
2019-08-20 16:50:37 - [MESSAGE][PASSED] - Object 'Object Repository/PartyOnboarding/btn_Next' is visible&#xD;
&#xD;
2019-08-20 16:50:37 - [MESSAGE][PASSED] - Object: 'Object Repository/PartyOnboarding/btn_Next' is clicked on&#xD;
&#xD;
2019-08-20 16:50:37 - [TEST_STEP][PASSED] - log.logInfo("--- Key in data all required fields on Personal Party - PartyId ---"): --- Key in data all required fields on Personal Party - PartyId ---&#xD;
&#xD;
2019-08-20 16:50:37 - [MESSAGE][INFO] - --- Key in data all required fields on Personal Party - PartyId ---&#xD;
&#xD;
2019-08-20 16:50:37 - [TEST_STEP][PASSED] - partyOnboardingPersonal.inputPartyId(): Web element with id: 'Object Repository/PartyOnboarding/Personal/PersonalParty/Message/pop_ErrorDuplicatePartyID' located by 'By.xpath: //textarea[@name='03messages']' not found&#xD;
&#xD;
2019-08-20 16:50:38 - [MESSAGE][PASSED] - Object 'Object Repository/PartyOnboarding/Personal/PersonalParty/txt_PartyID' is visible&#xD;
&#xD;
2019-08-20 16:50:38 - [MESSAGE][PASSED] - Object 'Object Repository/PartyOnboarding/Personal/PersonalParty/txt_PartyID' is visible&#xD;
&#xD;
2019-08-20 16:50:39 - [MESSAGE][PASSED] - Keys 'TAB + EfKqkzts' sent to object: 'Object Repository/PartyOnboarding/Personal/PersonalParty/txt_PartyID'&#xD;
&#xD;
2019-08-20 16:51:10 - [MESSAGE][INFO] - Unable to find the element located by 'By.xpath: //textarea[@name='03messages']'. Please recheck the objects properties to make sure the desired element is located. &#xD;
&#xD;
2019-08-20 16:51:10 - [MESSAGE][WARNING] - Web element with id: 'Object Repository/PartyOnboarding/Personal/PersonalParty/Message/pop_ErrorDuplicatePartyID' located by 'By.xpath: //textarea[@name='03messages']' not found&#xD;
&#xD;
2019-08-20 16:51:10 - [TEST_STEP][PASSED] - log.logInfo("--- Key in data all required fields on Personal Party - Input Nation Identifer Type ---"): --- Key in data all required fields on Personal Party - Input Nation Identifer Type ---&#xD;
&#xD;
2019-08-20 16:51:10 - [MESSAGE][INFO] - --- Key in data all required fields on Personal Party - Input Nation Identifer Type ---&#xD;
&#xD;
2019-08-20 16:51:10 - [TEST_STEP][PASSED] - partyOnboardingPersonal.inputNationalIdentifierType(s09_nationIdentifierType): Keys 'TAB + Passport' sent to object: 'Object Repository/PartyOnboarding/Personal/PersonalParty/ddl_NationalIdentifierType'&#xD;
&#xD;
2019-08-20 16:51:10 - [MESSAGE][PASSED] - Object 'Object Repository/PartyOnboarding/Personal/PersonalParty/ddl_NationalIdentifierType' is visible&#xD;
&#xD;
2019-08-20 16:51:10 - [MESSAGE][PASSED] - Keys 'TAB + Passport' sent to object: 'Object Repository/PartyOnboarding/Personal/PersonalParty/ddl_NationalIdentifierType'&#xD;
&#xD;
2019-08-20 16:51:10 - [TEST_STEP][PASSED] - log.logInfo("--- Key in data all required fields on Personal Party - Input Nation Identifer ---"): --- Key in data all required fields on Personal Party - Input Nation Identifer ---&#xD;
&#xD;
2019-08-20 16:51:10 - [MESSAGE][INFO] - --- Key in data all required fields on Personal Party - Input Nation Identifer ---&#xD;
&#xD;
2019-08-20 16:51:10 - [TEST_STEP][PASSED] - partyOnboardingPersonal.inputNationalIdentifier(s09_nationIdentifier): Keys 'TAB + 12345601' sent to object: 'Object Repository/PartyOnboarding/Personal/PersonalParty/txt_NationalIdentifier'&#xD;
&#xD;
2019-08-20 16:51:10 - [MESSAGE][PASSED] - Object 'Object Repository/PartyOnboarding/Personal/PersonalParty/txt_NationalIdentifier' is visible&#xD;
&#xD;
2019-08-20 16:51:10 - [MESSAGE][PASSED] - Keys 'TAB + 12345601' sent to object: 'Object Repository/PartyOnboarding/Personal/PersonalParty/txt_NationalIdentifier'&#xD;
&#xD;
2019-08-20 16:51:10 - [TEST_STEP][PASSED] - log.logInfo("--- Key in data all required fields on Personal Party - Input Title ---"): --- Key in data all required fields on Personal Party - Input Title ---&#xD;
&#xD;
2019-08-20 16:51:10 - [MESSAGE][INFO] - --- Key in data all required fields on Personal Party - Input Title ---&#xD;
&#xD;
2019-08-20 16:51:10 - [TEST_STEP][PASSED] - partyOnboardingPersonal.inputTitle(s09_title): Keys 'TAB + Ms' sent to object: 'Object Repository/PartyOnboarding/Personal/PersonalParty/ddl_Title'&#xD;
&#xD;
2019-08-20 16:51:10 - [MESSAGE][PASSED] - Object 'Object Repository/PartyOnboarding/Personal/PersonalParty/ddl_Title' is visible&#xD;
&#xD;
2019-08-20 16:51:10 - [MESSAGE][PASSED] - Keys 'TAB + Ms' sent to object: 'Object Repository/PartyOnboarding/Personal/PersonalParty/ddl_Title'&#xD;
&#xD;
2019-08-20 16:51:10 - [TEST_STEP][PASSED] - log.logInfo("--- Key in data all required fields on Personal Party - Input Employment Status ---"): --- Key in data all required fields on Personal Party - Input Employment Status ---&#xD;
&#xD;
2019-08-20 16:51:10 - [MESSAGE][INFO] - --- Key in data all required fields on Personal Party - Input Employment Status ---&#xD;
&#xD;
2019-08-20 16:51:10 - [TEST_STEP][PASSED] - partyOnboardingPersonal.inputEmploymentStatus(s09_employmentStatus): Keys 'TAB + Student' sent to object: 'Object Repository/PartyOnboarding/Personal/PersonalParty/ddl_EmploymentStatus'&#xD;
&#xD;
2019-08-20 16:51:11 - [MESSAGE][PASSED] - Object 'Object Repository/PartyOnboarding/Personal/PersonalParty/ddl_EmploymentStatus' is visible&#xD;
&#xD;
2019-08-20 16:51:11 - [MESSAGE][PASSED] - Keys 'TAB + Student' sent to object: 'Object Repository/PartyOnboarding/Personal/PersonalParty/ddl_EmploymentStatus'&#xD;
&#xD;
2019-08-20 16:51:11 - [TEST_STEP][PASSED] - log.logInfo("--- Key in data all required fields on Personal Party - Input Gender ---"): --- Key in data all required fields on Personal Party - Input Gender ---&#xD;
&#xD;
2019-08-20 16:51:11 - [MESSAGE][INFO] - --- Key in data all required fields on Personal Party - Input Gender ---&#xD;
&#xD;
2019-08-20 16:51:11 - [TEST_STEP][PASSED] - partyOnboardingPersonal.inputGender(s09_gender): Keys 'TAB + Female' sent to object: 'Object Repository/PartyOnboarding/Personal/PersonalParty/ddl_Gender'&#xD;
&#xD;
2019-08-20 16:51:11 - [MESSAGE][PASSED] - Object 'Object Repository/PartyOnboarding/Personal/PersonalParty/ddl_Gender' is visible&#xD;
&#xD;
2019-08-20 16:51:11 - [MESSAGE][PASSED] - Keys 'TAB + Female' sent to object: 'Object Repository/PartyOnboarding/Personal/PersonalParty/ddl_Gender'&#xD;
&#xD;
2019-08-20 16:51:11 - [TEST_STEP][PASSED] - log.logInfo("--- Key in data all required fields on Personal Party - Input Civil Status ---"): --- Key in data all required fields on Personal Party - Input Civil Status ---&#xD;
&#xD;
2019-08-20 16:51:11 - [MESSAGE][INFO] - --- Key in data all required fields on Personal Party - Input Civil Status ---&#xD;
&#xD;
2019-08-20 16:51:11 - [TEST_STEP][PASSED] - partyOnboardingPersonal.inputCivilStatus(s09_civilStatus): Keys 'TAB + Single' sent to object: 'Object Repository/PartyOnboarding/Personal/PersonalParty/txt_CivilStatus'&#xD;
&#xD;
2019-08-20 16:51:11 - [MESSAGE][PASSED] - Object 'Object Repository/PartyOnboarding/Personal/PersonalParty/txt_CivilStatus' is visible&#xD;
&#xD;
2019-08-20 16:51:11 - [MESSAGE][PASSED] - Keys 'TAB + Single' sent to object: 'Object Repository/PartyOnboarding/Personal/PersonalParty/txt_CivilStatus'&#xD;
&#xD;
2019-08-20 16:51:11 - [TEST_STEP][PASSED] - log.logInfo("--- Key in data all required fields on Personal Party - Input Mother's Maiden Name ---"): --- Key in data all required fields on Personal Party - Input Mother's Maiden Name ---&#xD;
&#xD;
2019-08-20 16:51:11 - [MESSAGE][INFO] - --- Key in data all required fields on Personal Party - Input Mother's Maiden Name ---&#xD;
&#xD;
2019-08-20 16:51:11 - [TEST_STEP][PASSED] - partyOnboardingPersonal.inputMotherMaidenName(s09_motherMaidenName): Keys 'TAB + Mother's Name' sent to object: 'Object Repository/PartyOnboarding/Personal/PersonalParty/txt_MothersMaidenName'&#xD;
&#xD;
2019-08-20 16:51:11 - [MESSAGE][PASSED] - Object 'Object Repository/PartyOnboarding/Personal/PersonalParty/txt_MothersMaidenName' is visible&#xD;
&#xD;
2019-08-20 16:51:11 - [MESSAGE][PASSED] - Keys 'TAB + Mother's Name' sent to object: 'Object Repository/PartyOnboarding/Personal/PersonalParty/txt_MothersMaidenName'&#xD;
&#xD;
2019-08-20 16:51:11 - [TEST_STEP][PASSED] - log.logInfo("--- Key in data all required fields on Personal Party - Input Short Name ---"): --- Key in data all required fields on Personal Party - Input Short Name ---&#xD;
&#xD;
2019-08-20 16:51:11 - [MESSAGE][INFO] - --- Key in data all required fields on Personal Party - Input Short Name ---&#xD;
&#xD;
2019-08-20 16:51:11 - [TEST_STEP][PASSED] - partyOnboardingPersonal.inputShortName(s09_shortName): Keys 'TAB + Le 11' sent to object: 'Object Repository/PartyOnboarding/Personal/PersonalParty/txt_ShortName'&#xD;
&#xD;
2019-08-20 16:51:11 - [MESSAGE][PASSED] - Object 'Object Repository/PartyOnboarding/Personal/PersonalParty/txt_ShortName' is visible&#xD;
&#xD;
2019-08-20 16:51:12 - [MESSAGE][PASSED] - Keys 'TAB + Le 11' sent to object: 'Object Repository/PartyOnboarding/Personal/PersonalParty/txt_ShortName'&#xD;
&#xD;
2019-08-20 16:51:12 - [TEST_STEP][PASSED] - log.logInfo("---Key in data all required fields on Personal Party - Input Grandfather's Name ---"): ---Key in data all required fields on Personal Party - Input Grandfather's Name ---&#xD;
&#xD;
2019-08-20 16:51:12 - [MESSAGE][INFO] - ---Key in data all required fields on Personal Party - Input Grandfather's Name ---&#xD;
&#xD;
2019-08-20 16:51:12 - [TEST_STEP][PASSED] - partyOnboardingPersonal.inputGrandfatherName(s09_grandfatherName): Keys 'TAB + Grandfatther' sent to object: 'Object Repository/PartyOnboarding/Personal/PersonalParty/txt_GrandfathersName'&#xD;
&#xD;
2019-08-20 16:51:12 - [MESSAGE][PASSED] - Object 'Object Repository/PartyOnboarding/Personal/PersonalParty/txt_GrandfathersName' is visible&#xD;
&#xD;
2019-08-20 16:51:12 - [MESSAGE][PASSED] - Keys 'TAB + Grandfatther' sent to object: 'Object Repository/PartyOnboarding/Personal/PersonalParty/txt_GrandfathersName'&#xD;
&#xD;
2019-08-20 16:51:12 - [TEST_STEP][PASSED] - log.logInfo("---Key in data all required fields on Personal Party - Input Nationality ---"): ---Key in data all required fields on Personal Party - Input Nationality ---&#xD;
&#xD;
2019-08-20 16:51:12 - [MESSAGE][INFO] - ---Key in data all required fields on Personal Party - Input Nationality ---&#xD;
&#xD;
2019-08-20 16:51:12 - [TEST_STEP][PASSED] - partyOnboardingPersonal.inputNationality(s09_nationality): Keys 'TAB + Myanmar' sent to object: 'Object Repository/PartyOnboarding/Personal/PersonalParty/ddl_Nationality'&#xD;
&#xD;
2019-08-20 16:51:12 - [MESSAGE][PASSED] - Object 'Object Repository/PartyOnboarding/Personal/PersonalParty/ddl_Nationality' is visible&#xD;
&#xD;
2019-08-20 16:51:12 - [MESSAGE][PASSED] - Keys 'TAB + Myanmar' sent to object: 'Object Repository/PartyOnboarding/Personal/PersonalParty/ddl_Nationality'&#xD;
&#xD;
2019-08-20 16:51:12 - [TEST_STEP][PASSED] - log.logInfo("--- Key in data all required fields on Personal Party - Input Resident Status ---"): --- Key in data all required fields on Personal Party - Input Resident Status ---&#xD;
&#xD;
2019-08-20 16:51:12 - [MESSAGE][INFO] - --- Key in data all required fields on Personal Party - Input Resident Status ---&#xD;
&#xD;
2019-08-20 16:51:12 - [TEST_STEP][PASSED] - partyOnboardingPersonal.inputResidentStatus(s09_residentStatus): Keys 'Diplomat' sent to object: 'Object Repository/PartyOnboarding/Personal/PersonalParty/ddl_ResidentStatus'&#xD;
&#xD;
2019-08-20 16:51:12 - [MESSAGE][PASSED] - Object 'Object Repository/PartyOnboarding/Personal/PersonalParty/ddl_ResidentStatus' is visible&#xD;
&#xD;
2019-08-20 16:51:12 - [MESSAGE][PASSED] - Keys 'Diplomat' sent to object: 'Object Repository/PartyOnboarding/Personal/PersonalParty/ddl_ResidentStatus'&#xD;
&#xD;
2019-08-20 16:51:12 - [TEST_STEP][PASSED] - log.logInfo("--- Key in data all required fields on Personal Party - Input Tax ID Number ---"): --- Key in data all required fields on Personal Party - Input Tax ID Number ---&#xD;
&#xD;
2019-08-20 16:51:12 - [MESSAGE][INFO] - --- Key in data all required fields on Personal Party - Input Tax ID Number ---&#xD;
&#xD;
2019-08-20 16:51:12 - [TEST_STEP][PASSED] - partyOnboardingPersonal.inputTaxIDNumber(s09_taxIDNumber): Keys 'TAB + 12345678' sent to object: 'Object Repository/PartyOnboarding/Personal/PersonalParty/txt_TaxIDNumber'&#xD;
&#xD;
2019-08-20 16:51:12 - [MESSAGE][PASSED] - Object 'Object Repository/PartyOnboarding/Personal/PersonalParty/txt_TaxIDNumber' is visible&#xD;
&#xD;
2019-08-20 16:51:12 - [MESSAGE][PASSED] - Keys 'TAB + 12345678' sent to object: 'Object Repository/PartyOnboarding/Personal/PersonalParty/txt_TaxIDNumber'&#xD;
&#xD;
2019-08-20 16:51:12 - [TEST_STEP][PASSED] - log.logInfo("--- Key in data all required fields on Personal Party - Input Religion ---"): --- Key in data all required fields on Personal Party - Input Religion ---&#xD;
&#xD;
2019-08-20 16:51:12 - [MESSAGE][INFO] - --- Key in data all required fields on Personal Party - Input Religion ---&#xD;
&#xD;
2019-08-20 16:51:12 - [TEST_STEP][PASSED] - partyOnboardingPersonal.inputReligion(s09_religion): Keys 'TAB + Christianity' sent to object: 'Object Repository/PartyOnboarding/Personal/PersonalParty/ddl_Religion'&#xD;
&#xD;
2019-08-20 16:51:13 - [MESSAGE][PASSED] - Object 'Object Repository/PartyOnboarding/Personal/PersonalParty/ddl_Religion' is visible&#xD;
&#xD;
2019-08-20 16:51:13 - [MESSAGE][PASSED] - Keys 'TAB + Christianity' sent to object: 'Object Repository/PartyOnboarding/Personal/PersonalParty/ddl_Religion'&#xD;
&#xD;
2019-08-20 16:51:13 - [TEST_STEP][PASSED] - log.logInfo("--- Key in data all required fields on Personal Party - Click Next button ---"): --- Key in data all required fields on Personal Party - Click Next button ---&#xD;
&#xD;
2019-08-20 16:51:13 - [MESSAGE][INFO] - --- Key in data all required fields on Personal Party - Click Next button ---&#xD;
&#xD;
2019-08-20 16:51:13 - [TEST_STEP][PASSED] - partyOnboardingPersonal.clickNextbutton(): Object: 'Object Repository/PartyOnboarding/btn_Next' is clicked on&#xD;
&#xD;
2019-08-20 16:51:13 - [MESSAGE][PASSED] - Object 'Object Repository/PartyOnboarding/btn_Next' is visible&#xD;
&#xD;
2019-08-20 16:51:13 - [MESSAGE][PASSED] - Object: 'Object Repository/PartyOnboarding/btn_Next' is clicked on&#xD;
&#xD;
2019-08-20 16:51:13 - [TEST_STEP][PASSED] - log.logInfo("--- Key in data all required fields on Personal Party - Click Process on Warning box ---"): --- Key in data all required fields on Personal Party - Click Process on Warning box ---&#xD;
&#xD;
2019-08-20 16:51:13 - [MESSAGE][INFO] - --- Key in data all required fields on Personal Party - Click Process on Warning box ---&#xD;
&#xD;
2019-08-20 16:51:13 - [TEST_STEP][PASSED] - partyOnboardingPersonal.clickProcessInWarningBox(): Object: 'Object Repository/PartyOnboarding/Personal/PersonalParty/btn_Warnings_Proceed_NotCapture' is clicked on&#xD;
&#xD;
2019-08-20 16:51:14 - [MESSAGE][PASSED] - Object 'Object Repository/PartyOnboarding/Personal/PersonalParty/btn_Warnings_Proceed_NotCapture' is visible&#xD;
&#xD;
2019-08-20 16:51:14 - [MESSAGE][PASSED] - Object: 'Object Repository/PartyOnboarding/Personal/PersonalParty/btn_Warnings_Proceed_NotCapture' is clicked on&#xD;
&#xD;
2019-08-20 16:51:14 - [TEST_STEP][PASSED] - log.logInfo("--- Input required fields for Party Address - Input Address Type, User of Communication and Valid From---"): --- Input required fields for Party Address - Input Address Type, User of Communication and Valid From---&#xD;
&#xD;
2019-08-20 16:51:14 - [MESSAGE][INFO] - --- Input required fields for Party Address - Input Address Type, User of Communication and Valid From---&#xD;
&#xD;
2019-08-20 16:51:14 - [TEST_STEP][PASSED] - partyOnboardingPersonal.inputRDataForAddressParty(s10_addressType, s10_userForCommunication, s10_validFrom): Execute JavaScript 'arguments[0].click();' successfully&#xD;
&#xD;
2019-08-20 16:51:15 - [MESSAGE][PASSED] - Object 'Object Repository/PartyOnboarding/Personal/PartyAddress/button_New Row_PartyAddress' is visible&#xD;
&#xD;
2019-08-20 16:51:15 - [MESSAGE][PASSED] - Execute JavaScript 'arguments[0].click();' successfully&#xD;
&#xD;
2019-08-20 16:51:15 - [MESSAGE][PASSED] - Object 'Object Repository/PartyOnboarding/Personal/PartyAddress/Address Type' is visible&#xD;
&#xD;
2019-08-20 16:51:16 - [MESSAGE][PASSED] - Keys 'ENTER + Home Address' sent to object: 'Object Repository/PartyOnboarding/Personal/PartyAddress/Address Type'&#xD;
&#xD;
2019-08-20 16:51:16 - [MESSAGE][PASSED] - Object 'Object Repository/PartyOnboarding/Personal/PartyAddress/Valid From' is visible&#xD;
&#xD;
2019-08-20 16:51:16 - [MESSAGE][PASSED] - Text of object 'Object Repository/PartyOnboarding/Personal/PartyAddress/Valid From' is cleared&#xD;
&#xD;
2019-08-20 16:51:16 - [MESSAGE][PASSED] - Object 'Object Repository/PartyOnboarding/Personal/PartyAddress/Valid From' is visible&#xD;
&#xD;
2019-08-20 16:51:16 - [MESSAGE][PASSED] - Keys '2018-01-14' sent to object: 'Object Repository/PartyOnboarding/Personal/PartyAddress/Valid From'&#xD;
&#xD;
2019-08-20 16:51:16 - [MESSAGE][PASSED] - Object 'Object Repository/PartyOnboarding/Personal/PartyAddress/chk_Use  for Communication' is present&#xD;
&#xD;
2019-08-20 16:51:16 - [MESSAGE][PASSED] - Attribute 'aria-checked' of object 'Object Repository/PartyOnboarding/Personal/PartyAddress/chk_Use  for Communication' is: 'false'&#xD;
&#xD;
2019-08-20 16:51:16 - [MESSAGE][PASSED] - Object 'Object Repository/PartyOnboarding/Personal/PartyAddress/chk_Use  for Communication' is checked&#xD;
&#xD;
2019-08-20 16:51:16 - [MESSAGE][PASSED] - Object 'Object Repository/PartyOnboarding/Personal/PartyAddress/SaveRow' is visible&#xD;
&#xD;
2019-08-20 16:51:16 - [MESSAGE][PASSED] - Execute JavaScript 'arguments[0].click();' successfully&#xD;
&#xD;
2019-08-20 16:51:16 - [MESSAGE][PASSED] - Object 'Object Repository/PartyOnboarding/Personal/PartyAddress/button_New Row_PartyAddress' is visible&#xD;
&#xD;
2019-08-20 16:51:16 - [MESSAGE][PASSED] - Execute JavaScript 'arguments[0].click();' successfully&#xD;
&#xD;
2019-08-20 16:51:16 - [MESSAGE][PASSED] - Object 'Object Repository/PartyOnboarding/Personal/PartyAddress/Address Type' is visible&#xD;
&#xD;
2019-08-20 16:51:17 - [MESSAGE][PASSED] - Keys 'ENTER + Office Address' sent to object: 'Object Repository/PartyOnboarding/Personal/PartyAddress/Address Type'&#xD;
&#xD;
2019-08-20 16:51:17 - [MESSAGE][PASSED] - Object 'Object Repository/PartyOnboarding/Personal/PartyAddress/Valid From' is visible&#xD;
&#xD;
2019-08-20 16:51:17 - [MESSAGE][PASSED] - Text of object 'Object Repository/PartyOnboarding/Personal/PartyAddress/Valid From' is cleared&#xD;
&#xD;
2019-08-20 16:51:17 - [MESSAGE][PASSED] - Object 'Object Repository/PartyOnboarding/Personal/PartyAddress/Valid From' is visible&#xD;
&#xD;
2019-08-20 16:51:18 - [MESSAGE][PASSED] - Keys '2018-01-17' sent to object: 'Object Repository/PartyOnboarding/Personal/PartyAddress/Valid From'&#xD;
&#xD;
2019-08-20 16:51:18 - [MESSAGE][PASSED] - Object 'Object Repository/PartyOnboarding/Personal/PartyAddress/SaveRow' is visible&#xD;
&#xD;
2019-08-20 16:51:18 - [MESSAGE][PASSED] - Execute JavaScript 'arguments[0].click();' successfully&#xD;
&#xD;
2019-08-20 16:51:18 - [MESSAGE][PASSED] - Object 'Object Repository/PartyOnboarding/Personal/PartyAddress/button_New Row_PartyAddress' is visible&#xD;
&#xD;
2019-08-20 16:51:18 - [MESSAGE][PASSED] - Execute JavaScript 'arguments[0].click();' successfully&#xD;
&#xD;
2019-08-20 16:51:18 - [MESSAGE][PASSED] - Object 'Object Repository/PartyOnboarding/Personal/PartyAddress/Address Type' is visible&#xD;
&#xD;
2019-08-20 16:51:18 - [MESSAGE][PASSED] - Keys 'ENTER + Current Address' sent to object: 'Object Repository/PartyOnboarding/Personal/PartyAddress/Address Type'&#xD;
&#xD;
2019-08-20 16:51:18 - [MESSAGE][PASSED] - Object 'Object Repository/PartyOnboarding/Personal/PartyAddress/Valid From' is visible&#xD;
&#xD;
2019-08-20 16:51:18 - [MESSAGE][PASSED] - Text of object 'Object Repository/PartyOnboarding/Personal/PartyAddress/Valid From' is cleared&#xD;
&#xD;
2019-08-20 16:51:18 - [MESSAGE][PASSED] - Object 'Object Repository/PartyOnboarding/Personal/PartyAddress/Valid From' is visible&#xD;
&#xD;
2019-08-20 16:51:19 - [MESSAGE][PASSED] - Keys '2017-01-17' sent to object: 'Object Repository/PartyOnboarding/Personal/PartyAddress/Valid From'&#xD;
&#xD;
2019-08-20 16:51:19 - [MESSAGE][PASSED] - Object 'Object Repository/PartyOnboarding/Personal/PartyAddress/SaveRow' is visible&#xD;
&#xD;
2019-08-20 16:51:19 - [MESSAGE][PASSED] - Execute JavaScript 'arguments[0].click();' successfully&#xD;
&#xD;
2019-08-20 16:51:19 - [TEST_STEP][PASSED] - log.logInfo("--- Input required fields for Party Address - click Next button---"): --- Input required fields for Party Address - click Next button---&#xD;
&#xD;
2019-08-20 16:51:19 - [MESSAGE][INFO] - --- Input required fields for Party Address - click Next button---&#xD;
&#xD;
2019-08-20 16:51:19 - [TEST_STEP][PASSED] - partyOnboardingPersonal.clickNextbutton(): Object: 'Object Repository/PartyOnboarding/btn_Next' is clicked on&#xD;
&#xD;
2019-08-20 16:51:19 - [MESSAGE][PASSED] - Object 'Object Repository/PartyOnboarding/btn_Next' is visible&#xD;
&#xD;
2019-08-20 16:51:19 - [MESSAGE][PASSED] - Object: 'Object Repository/PartyOnboarding/btn_Next' is clicked on&#xD;
&#xD;
2019-08-20 16:51:19 - [TEST_STEP][PASSED] - log.logInfo("--- Input data for Party Contacts ---"): --- Input data for Party Contacts ---&#xD;
&#xD;
2019-08-20 16:51:19 - [MESSAGE][INFO] - --- Input data for Party Contacts ---&#xD;
&#xD;
2019-08-20 16:51:19 - [TEST_STEP][PASSED] - partyOnboardingPersonal.inputDataForPartyContacts(s11_contactMethod, s11_contactTypeLocation, s11_contactCountryCode, s11_contactAreaCode, s11_contactNumber, s11_contactEmail, s11_confirmEmail, s11_validFrom): Execute JavaScript 'arguments[0].click();' successfully&#xD;
&#xD;
2019-08-20 16:51:20 - [MESSAGE][PASSED] - Object 'Object Repository/PartyOnboarding/Personal/PartyContacts/New Row' is visible&#xD;
&#xD;
2019-08-20 16:51:20 - [MESSAGE][PASSED] - Execute JavaScript 'arguments[0].click();' successfully&#xD;
&#xD;
2019-08-20 16:51:21 - [MESSAGE][PASSED] - Delayed 1 second(s)&#xD;
&#xD;
2019-08-20 16:51:21 - [MESSAGE][PASSED] - Object 'Object Repository/PartyOnboarding/Personal/PartyContacts/Contact Method' is visible&#xD;
&#xD;
2019-08-20 16:51:21 - [MESSAGE][PASSED] - Keys 'ENTER + Telephone' sent to object: 'Object Repository/PartyOnboarding/Personal/PartyContacts/Contact Method'&#xD;
&#xD;
2019-08-20 16:51:22 - [MESSAGE][PASSED] - Delayed 1 second(s)&#xD;
&#xD;
2019-08-20 16:51:22 - [MESSAGE][PASSED] - Object 'Object Repository/PartyOnboarding/Personal/PartyContacts/Contact Type  Location' is visible&#xD;
&#xD;
2019-08-20 16:51:23 - [MESSAGE][PASSED] - Keys 'Personal' sent to object: 'Object Repository/PartyOnboarding/Personal/PartyContacts/Contact Type  Location'&#xD;
&#xD;
2019-08-20 16:51:23 - [MESSAGE][PASSED] - Object 'Object Repository/PartyOnboarding/Personal/PartyContacts/Contact Email' has attribute 'readonly'&#xD;
&#xD;
2019-08-20 16:51:23 - [MESSAGE][PASSED] - Object 'Object Repository/PartyOnboarding/Personal/PartyContacts/Contact Number_03_Code' is visible&#xD;
&#xD;
2019-08-20 16:51:23 - [MESSAGE][PASSED] - Text of object 'Object Repository/PartyOnboarding/Personal/PartyContacts/Contact Number_03_Code' is cleared&#xD;
&#xD;
2019-08-20 16:51:23 - [MESSAGE][PASSED] - Object 'Object Repository/PartyOnboarding/Personal/PartyContacts/Contact Number_03_Code' is visible&#xD;
&#xD;
2019-08-20 16:51:23 - [MESSAGE][PASSED] - Keys '+95' sent to object: 'Object Repository/PartyOnboarding/Personal/PartyContacts/Contact Number_03_Code'&#xD;
&#xD;
2019-08-20 16:51:23 - [MESSAGE][PASSED] - Object 'Object Repository/PartyOnboarding/Personal/PartyContacts/Contact Number_AreaCode' is visible&#xD;
&#xD;
2019-08-20 16:51:23 - [MESSAGE][PASSED] - Keys '' sent to object: 'Object Repository/PartyOnboarding/Personal/PartyContacts/Contact Number_AreaCode'&#xD;
&#xD;
2019-08-20 16:51:23 - [MESSAGE][PASSED] - Object 'Object Repository/PartyOnboarding/Personal/PartyContacts/Contact Number_Number' is visible&#xD;
&#xD;
2019-08-20 16:51:23 - [MESSAGE][PASSED] - Keys '9697989901' sent to object: 'Object Repository/PartyOnboarding/Personal/PartyContacts/Contact Number_Number'&#xD;
&#xD;
2019-08-20 16:51:24 - [MESSAGE][WARNING] - Object 'Object Repository/PartyOnboarding/Personal/PartyContacts/Contact Number_03_Code' does not have attribute 'readonly' (Root cause: com.kms.katalon.core.exception.StepFailedException: Object 'Object Repository/PartyOnboarding/Personal/PartyContacts/Contact Number_03_Code' does not have attribute 'readonly'&#xD;
	at com.kms.katalon.core.webui.keyword.internal.WebUIKeywordMain.stepFailed(WebUIKeywordMain.groovy:64)&#xD;
	at com.kms.katalon.core.webui.keyword.builtin.VerifyElementHasAttributeKeyword$_verifyElementHasAttribute_closure1.doCall(VerifyElementHasAttributeKeyword.groovy:89)&#xD;
	at com.kms.katalon.core.webui.keyword.builtin.VerifyElementHasAttributeKeyword$_verifyElementHasAttribute_closure1.call(VerifyElementHasAttributeKeyword.groovy)&#xD;
	at com.kms.katalon.core.webui.keyword.internal.WebUIKeywordMain.runKeyword(WebUIKeywordMain.groovy:20)&#xD;
	at com.kms.katalon.core.webui.keyword.builtin.VerifyElementHasAttributeKeyword.verifyElementHasAttribute(VerifyElementHasAttributeKeyword.groovy:100)&#xD;
	at com.kms.katalon.core.webui.keyword.builtin.VerifyElementHasAttributeKeyword.execute(VerifyElementHasAttributeKeyword.groovy:69)&#xD;
	at com.kms.katalon.core.keyword.internal.KeywordExecutor.executeKeywordForPlatform(KeywordExecutor.groovy:56)&#xD;
	at com.kms.katalon.core.webui.keyword.WebUiBuiltInKeywords.verifyElementHasAttribute(WebUiBuiltInKeywords.groovy:3166)&#xD;
	at com.kms.katalon.core.webui.keyword.WebUiBuiltInKeywords$verifyElementHasAttribute$11.call(Unknown Source)&#xD;
	at pageObjects.PartyOnboardingPersonal.inputDataForPartyContacts(PartyOnboardingPersonal.groovy:735)&#xD;
	at PartyOnboardingPersonal.run(PartyOnboardingPersonal:77)&#xD;
	at com.kms.katalon.core.main.ScriptEngine.run(ScriptEngine.java:194)&#xD;
	at com.kms.katalon.core.main.ScriptEngine.runScriptAsRawText(ScriptEngine.java:119)&#xD;
	at com.kms.katalon.core.main.TestCaseExecutor.runScript(TestCaseExecutor.java:337)&#xD;
	at com.kms.katalon.core.main.TestCaseExecutor.doExecute(TestCaseExecutor.java:328)&#xD;
	at com.kms.katalon.core.main.TestCaseExecutor.processExecutionPhase(TestCaseExecutor.java:307)&#xD;
	at com.kms.katalon.core.main.TestCaseExecutor.accessMainPhase(TestCaseExecutor.java:299)&#xD;
	at com.kms.katalon.core.main.TestCaseExecutor.execute(TestCaseExecutor.java:233)&#xD;
	at com.kms.katalon.core.main.TestSuiteExecutor.accessTestCaseMainPhase(TestSuiteExecutor.java:133)&#xD;
	at com.kms.katalon.core.main.TestSuiteExecutor.accessTestSuiteMainPhase(TestSuiteExecutor.java:116)&#xD;
	at com.kms.katalon.core.main.TestSuiteExecutor.execute(TestSuiteExecutor.java:83)&#xD;
	at com.kms.katalon.core.main.TestCaseMain.startTestSuite(TestCaseMain.java:157)&#xD;
	at com.kms.katalon.core.main.TestCaseMain$startTestSuite$0.call(Unknown Source)&#xD;
	at TempTestSuite1566296411033.run(TempTestSuite1566296411033.groovy:35)&#xD;
)&#xD;
[[ATTACHMENT|C:\\ML\\JITS\\AYA\\Automation\\FBE\\FBE\\Reports\\DataPreparation\\PartyOnboardingPersonal\\20190820_165011\\1566296483940.png]]&#xD;
&#xD;
2019-08-20 16:51:24 - [MESSAGE][PASSED] - Object 'Object Repository/PartyOnboarding/Personal/PartyContacts/Valid From' is visible&#xD;
&#xD;
2019-08-20 16:51:24 - [MESSAGE][PASSED] - Text of object 'Object Repository/PartyOnboarding/Personal/PartyContacts/Valid From' is cleared&#xD;
&#xD;
2019-08-20 16:51:24 - [MESSAGE][PASSED] - Object 'Object Repository/PartyOnboarding/Personal/PartyContacts/Valid From' is visible&#xD;
&#xD;
2019-08-20 16:51:24 - [MESSAGE][PASSED] - Keys '2018-12-20' sent to object: 'Object Repository/PartyOnboarding/Personal/PartyContacts/Valid From'&#xD;
&#xD;
2019-08-20 16:51:24 - [MESSAGE][PASSED] - Object 'Object Repository/PartyOnboarding/Personal/PartyContacts/Save Row' is visible&#xD;
&#xD;
2019-08-20 16:51:24 - [MESSAGE][PASSED] - Execute JavaScript 'arguments[0].click();' successfully&#xD;
&#xD;
2019-08-20 16:51:24 - [MESSAGE][PASSED] - Object 'Object Repository/PartyOnboarding/Personal/PartyContacts/New Row' is visible&#xD;
&#xD;
2019-08-20 16:51:25 - [MESSAGE][PASSED] - Execute JavaScript 'arguments[0].click();' successfully&#xD;
&#xD;
2019-08-20 16:51:26 - [MESSAGE][PASSED] - Delayed 1 second(s)&#xD;
&#xD;
2019-08-20 16:51:26 - [MESSAGE][PASSED] - Object 'Object Repository/PartyOnboarding/Personal/PartyContacts/Contact Method' is visible&#xD;
&#xD;
2019-08-20 16:51:26 - [MESSAGE][PASSED] - Keys 'ENTER + Mobile' sent to object: 'Object Repository/PartyOnboarding/Personal/PartyContacts/Contact Method'&#xD;
&#xD;
2019-08-20 16:51:27 - [MESSAGE][PASSED] - Delayed 1 second(s)&#xD;
&#xD;
2019-08-20 16:51:27 - [MESSAGE][PASSED] - Object 'Object Repository/PartyOnboarding/Personal/PartyContacts/Contact Type  Location' is visible&#xD;
&#xD;
2019-08-20 16:51:27 - [MESSAGE][PASSED] - Keys 'Work' sent to object: 'Object Repository/PartyOnboarding/Personal/PartyContacts/Contact Type  Location'&#xD;
&#xD;
2019-08-20 16:51:27 - [MESSAGE][PASSED] - Object 'Object Repository/PartyOnboarding/Personal/PartyContacts/Contact Email' has attribute 'readonly'&#xD;
&#xD;
2019-08-20 16:51:27 - [MESSAGE][PASSED] - Object 'Object Repository/PartyOnboarding/Personal/PartyContacts/Contact Number_03_Code' is visible&#xD;
&#xD;
2019-08-20 16:51:27 - [MESSAGE][PASSED] - Text of object 'Object Repository/PartyOnboarding/Personal/PartyContacts/Contact Number_03_Code' is cleared&#xD;
&#xD;
2019-08-20 16:51:27 - [MESSAGE][PASSED] - Object 'Object Repository/PartyOnboarding/Personal/PartyContacts/Contact Number_03_Code' is visible&#xD;
&#xD;
2019-08-20 16:51:27 - [MESSAGE][PASSED] - Keys '+1' sent to object: 'Object Repository/PartyOnboarding/Personal/PartyContacts/Contact Number_03_Code'&#xD;
&#xD;
2019-08-20 16:51:27 - [MESSAGE][PASSED] - Object 'Object Repository/PartyOnboarding/Personal/PartyContacts/Contact Number_AreaCode' is visible&#xD;
&#xD;
2019-08-20 16:51:27 - [MESSAGE][PASSED] - Keys '' sent to object: 'Object Repository/PartyOnboarding/Personal/PartyContacts/Contact Number_AreaCode'&#xD;
&#xD;
2019-08-20 16:51:27 - [MESSAGE][PASSED] - Object 'Object Repository/PartyOnboarding/Personal/PartyContacts/Contact Number_Number' is visible&#xD;
&#xD;
2019-08-20 16:51:28 - [MESSAGE][PASSED] - Keys '12312313' sent to object: 'Object Repository/PartyOnboarding/Personal/PartyContacts/Contact Number_Number'&#xD;
&#xD;
2019-08-20 16:51:28 - [MESSAGE][WARNING] - Object 'Object Repository/PartyOnboarding/Personal/PartyContacts/Contact Number_03_Code' does not have attribute 'readonly' (Root cause: com.kms.katalon.core.exception.StepFailedException: Object 'Object Repository/PartyOnboarding/Personal/PartyContacts/Contact Number_03_Code' does not have attribute 'readonly'&#xD;
	at com.kms.katalon.core.webui.keyword.internal.WebUIKeywordMain.stepFailed(WebUIKeywordMain.groovy:64)&#xD;
	at com.kms.katalon.core.webui.keyword.builtin.VerifyElementHasAttributeKeyword$_verifyElementHasAttribute_closure1.doCall(VerifyElementHasAttributeKeyword.groovy:89)&#xD;
	at com.kms.katalon.core.webui.keyword.builtin.VerifyElementHasAttributeKeyword$_verifyElementHasAttribute_closure1.call(VerifyElementHasAttributeKeyword.groovy)&#xD;
	at com.kms.katalon.core.webui.keyword.internal.WebUIKeywordMain.runKeyword(WebUIKeywordMain.groovy:20)&#xD;
	at com.kms.katalon.core.webui.keyword.builtin.VerifyElementHasAttributeKeyword.verifyElementHasAttribute(VerifyElementHasAttributeKeyword.groovy:100)&#xD;
	at com.kms.katalon.core.webui.keyword.builtin.VerifyElementHasAttributeKeyword.execute(VerifyElementHasAttributeKeyword.groovy:69)&#xD;
	at com.kms.katalon.core.keyword.internal.KeywordExecutor.executeKeywordForPlatform(KeywordExecutor.groovy:56)&#xD;
	at com.kms.katalon.core.webui.keyword.WebUiBuiltInKeywords.verifyElementHasAttribute(WebUiBuiltInKeywords.groovy:3166)&#xD;
	at com.kms.katalon.core.webui.keyword.WebUiBuiltInKeywords$verifyElementHasAttribute$11.call(Unknown Source)&#xD;
	at pageObjects.PartyOnboardingPersonal.inputDataForPartyContacts(PartyOnboardingPersonal.groovy:735)&#xD;
	at PartyOnboardingPersonal.run(PartyOnboardingPersonal:77)&#xD;
	at com.kms.katalon.core.main.ScriptEngine.run(ScriptEngine.java:194)&#xD;
	at com.kms.katalon.core.main.ScriptEngine.runScriptAsRawText(ScriptEngine.java:119)&#xD;
	at com.kms.katalon.core.main.TestCaseExecutor.runScript(TestCaseExecutor.java:337)&#xD;
	at com.kms.katalon.core.main.TestCaseExecutor.doExecute(TestCaseExecutor.java:328)&#xD;
	at com.kms.katalon.core.main.TestCaseExecutor.processExecutionPhase(TestCaseExecutor.java:307)&#xD;
	at com.kms.katalon.core.main.TestCaseExecutor.accessMainPhase(TestCaseExecutor.java:299)&#xD;
	at com.kms.katalon.core.main.TestCaseExecutor.execute(TestCaseExecutor.java:233)&#xD;
	at com.kms.katalon.core.main.TestSuiteExecutor.accessTestCaseMainPhase(TestSuiteExecutor.java:133)&#xD;
	at com.kms.katalon.core.main.TestSuiteExecutor.accessTestSuiteMainPhase(TestSuiteExecutor.java:116)&#xD;
	at com.kms.katalon.core.main.TestSuiteExecutor.execute(TestSuiteExecutor.java:83)&#xD;
	at com.kms.katalon.core.main.TestCaseMain.startTestSuite(TestCaseMain.java:157)&#xD;
	at com.kms.katalon.core.main.TestCaseMain$startTestSuite$0.call(Unknown Source)&#xD;
	at TempTestSuite1566296411033.run(TempTestSuite1566296411033.groovy:35)&#xD;
)&#xD;
[[ATTACHMENT|C:\\ML\\JITS\\AYA\\Automation\\FBE\\FBE\\Reports\\DataPreparation\\PartyOnboardingPersonal\\20190820_165011\\1566296488288.png]]&#xD;
&#xD;
2019-08-20 16:51:28 - [MESSAGE][PASSED] - Object 'Object Repository/PartyOnboarding/Personal/PartyContacts/Valid From' is visible&#xD;
&#xD;
2019-08-20 16:51:28 - [MESSAGE][PASSED] - Text of object 'Object Repository/PartyOnboarding/Personal/PartyContacts/Valid From' is cleared&#xD;
&#xD;
2019-08-20 16:51:28 - [MESSAGE][PASSED] - Object 'Object Repository/PartyOnboarding/Personal/PartyContacts/Valid From' is visible&#xD;
&#xD;
2019-08-20 16:51:29 - [MESSAGE][PASSED] - Keys '2018-01-24' sent to object: 'Object Repository/PartyOnboarding/Personal/PartyContacts/Valid From'&#xD;
&#xD;
2019-08-20 16:51:29 - [MESSAGE][PASSED] - Object 'Object Repository/PartyOnboarding/Personal/PartyContacts/Save Row' is visible&#xD;
&#xD;
2019-08-20 16:51:29 - [MESSAGE][PASSED] - Execute JavaScript 'arguments[0].click();' successfully&#xD;
&#xD;
2019-08-20 16:51:29 - [MESSAGE][PASSED] - Object 'Object Repository/PartyOnboarding/Personal/PartyContacts/New Row' is visible&#xD;
&#xD;
2019-08-20 16:51:29 - [MESSAGE][PASSED] - Execute JavaScript 'arguments[0].click();' successfully&#xD;
&#xD;
2019-08-20 16:51:30 - [MESSAGE][PASSED] - Delayed 1 second(s)&#xD;
&#xD;
2019-08-20 16:51:30 - [MESSAGE][PASSED] - Object 'Object Repository/PartyOnboarding/Personal/PartyContacts/Contact Method' is visible&#xD;
&#xD;
2019-08-20 16:51:30 - [MESSAGE][PASSED] - Keys 'ENTER + Email' sent to object: 'Object Repository/PartyOnboarding/Personal/PartyContacts/Contact Method'&#xD;
&#xD;
2019-08-20 16:51:31 - [MESSAGE][PASSED] - Delayed 1 second(s)&#xD;
&#xD;
2019-08-20 16:51:31 - [MESSAGE][PASSED] - Object 'Object Repository/PartyOnboarding/Personal/PartyContacts/Contact Type  Location' is visible&#xD;
&#xD;
2019-08-20 16:51:31 - [MESSAGE][PASSED] - Keys 'Personal' sent to object: 'Object Repository/PartyOnboarding/Personal/PartyContacts/Contact Type  Location'&#xD;
&#xD;
2019-08-20 16:51:32 - [MESSAGE][WARNING] - Object 'Object Repository/PartyOnboarding/Personal/PartyContacts/Contact Email' does not have attribute 'readonly' (Root cause: com.kms.katalon.core.exception.StepFailedException: Object 'Object Repository/PartyOnboarding/Personal/PartyContacts/Contact Email' does not have attribute 'readonly'&#xD;
	at com.kms.katalon.core.webui.keyword.internal.WebUIKeywordMain.stepFailed(WebUIKeywordMain.groovy:64)&#xD;
	at com.kms.katalon.core.webui.keyword.builtin.VerifyElementHasAttributeKeyword$_verifyElementHasAttribute_closure1.doCall(VerifyElementHasAttributeKeyword.groovy:89)&#xD;
	at com.kms.katalon.core.webui.keyword.builtin.VerifyElementHasAttributeKeyword$_verifyElementHasAttribute_closure1.call(VerifyElementHasAttributeKeyword.groovy)&#xD;
	at com.kms.katalon.core.webui.keyword.internal.WebUIKeywordMain.runKeyword(WebUIKeywordMain.groovy:20)&#xD;
	at com.kms.katalon.core.webui.keyword.builtin.VerifyElementHasAttributeKeyword.verifyElementHasAttribute(VerifyElementHasAttributeKeyword.groovy:100)&#xD;
	at com.kms.katalon.core.webui.keyword.builtin.VerifyElementHasAttributeKeyword.execute(VerifyElementHasAttributeKeyword.groovy:69)&#xD;
	at com.kms.katalon.core.keyword.internal.KeywordExecutor.executeKeywordForPlatform(KeywordExecutor.groovy:56)&#xD;
	at com.kms.katalon.core.webui.keyword.WebUiBuiltInKeywords.verifyElementHasAttribute(WebUiBuiltInKeywords.groovy:3166)&#xD;
	at com.kms.katalon.core.webui.keyword.WebUiBuiltInKeywords$verifyElementHasAttribute$11.call(Unknown Source)&#xD;
	at pageObjects.PartyOnboardingPersonal.inputDataForPartyContacts(PartyOnboardingPersonal.groovy:721)&#xD;
	at PartyOnboardingPersonal.run(PartyOnboardingPersonal:77)&#xD;
	at com.kms.katalon.core.main.ScriptEngine.run(ScriptEngine.java:194)&#xD;
	at com.kms.katalon.core.main.ScriptEngine.runScriptAsRawText(ScriptEngine.java:119)&#xD;
	at com.kms.katalon.core.main.TestCaseExecutor.runScript(TestCaseExecutor.java:337)&#xD;
	at com.kms.katalon.core.main.TestCaseExecutor.doExecute(TestCaseExecutor.java:328)&#xD;
	at com.kms.katalon.core.main.TestCaseExecutor.processExecutionPhase(TestCaseExecutor.java:307)&#xD;
	at com.kms.katalon.core.main.TestCaseExecutor.accessMainPhase(TestCaseExecutor.java:299)&#xD;
	at com.kms.katalon.core.main.TestCaseExecutor.execute(TestCaseExecutor.java:233)&#xD;
	at com.kms.katalon.core.main.TestSuiteExecutor.accessTestCaseMainPhase(TestSuiteExecutor.java:133)&#xD;
	at com.kms.katalon.core.main.TestSuiteExecutor.accessTestSuiteMainPhase(TestSuiteExecutor.java:116)&#xD;
	at com.kms.katalon.core.main.TestSuiteExecutor.execute(TestSuiteExecutor.java:83)&#xD;
	at com.kms.katalon.core.main.TestCaseMain.startTestSuite(TestCaseMain.java:157)&#xD;
	at com.kms.katalon.core.main.TestCaseMain$startTestSuite$0.call(Unknown Source)&#xD;
	at TempTestSuite1566296411033.run(TempTestSuite1566296411033.groovy:35)&#xD;
)&#xD;
[[ATTACHMENT|C:\\ML\\JITS\\AYA\\Automation\\FBE\\FBE\\Reports\\DataPreparation\\PartyOnboardingPersonal\\20190820_165011\\1566296491879.png]]&#xD;
&#xD;
2019-08-20 16:51:32 - [MESSAGE][PASSED] - Object 'Object Repository/PartyOnboarding/Personal/PartyContacts/Contact Number_03_Code' has attribute 'readonly'&#xD;
&#xD;
2019-08-20 16:51:32 - [MESSAGE][PASSED] - Object 'Object Repository/PartyOnboarding/Personal/PartyContacts/Contact Email' is visible&#xD;
&#xD;
2019-08-20 16:51:33 - [MESSAGE][PASSED] - Keys 'nguyenthimyle@gmail.com' sent to object: 'Object Repository/PartyOnboarding/Personal/PartyContacts/Contact Email'&#xD;
&#xD;
2019-08-20 16:51:33 - [MESSAGE][PASSED] - Object 'Object Repository/PartyOnboarding/Personal/PartyContacts/Confirm Email' is visible&#xD;
&#xD;
2019-08-20 16:51:33 - [MESSAGE][PASSED] - Keys 'nguyenthimyle@gmail.com' sent to object: 'Object Repository/PartyOnboarding/Personal/PartyContacts/Confirm Email'&#xD;
&#xD;
2019-08-20 16:51:33 - [MESSAGE][PASSED] - Object 'Object Repository/PartyOnboarding/Personal/PartyContacts/Valid From' is visible&#xD;
&#xD;
2019-08-20 16:51:34 - [MESSAGE][PASSED] - Text of object 'Object Repository/PartyOnboarding/Personal/PartyContacts/Valid From' is cleared&#xD;
&#xD;
2019-08-20 16:51:34 - [MESSAGE][PASSED] - Object 'Object Repository/PartyOnboarding/Personal/PartyContacts/Valid From' is visible&#xD;
&#xD;
2019-08-20 16:51:34 - [MESSAGE][PASSED] - Keys '2018-01-25' sent to object: 'Object Repository/PartyOnboarding/Personal/PartyContacts/Valid From'&#xD;
&#xD;
2019-08-20 16:51:34 - [MESSAGE][PASSED] - Object 'Object Repository/PartyOnboarding/Personal/PartyContacts/Save Row' is visible&#xD;
&#xD;
2019-08-20 16:51:34 - [MESSAGE][PASSED] - Execute JavaScript 'arguments[0].click();' successfully&#xD;
&#xD;
2019-08-20 16:51:34 - [TEST_STEP][PASSED] - log.logInfo("--- Input data for Party Contacts - click Next ---"): --- Input data for Party Contacts - click Next ---&#xD;
&#xD;
2019-08-20 16:51:34 - [MESSAGE][INFO] - --- Input data for Party Contacts - click Next ---&#xD;
&#xD;
2019-08-20 16:51:34 - [TEST_STEP][PASSED] - partyOnboardingPersonal.clickNextbutton(): Object: 'Object Repository/PartyOnboarding/btn_Next' is clicked on&#xD;
&#xD;
2019-08-20 16:51:34 - [MESSAGE][PASSED] - Object 'Object Repository/PartyOnboarding/btn_Next' is visible&#xD;
&#xD;
2019-08-20 16:51:34 - [MESSAGE][PASSED] - Object: 'Object Repository/PartyOnboarding/btn_Next' is clicked on&#xD;
&#xD;
2019-08-20 16:51:34 - [TEST_STEP][PASSED] - log.logInfo("--- Input Party Required Documents - Input information for document---"): --- Input Party Required Documents - Input information for document---&#xD;
&#xD;
2019-08-20 16:51:34 - [MESSAGE][INFO] - --- Input Party Required Documents - Input information for document---&#xD;
&#xD;
2019-08-20 16:51:34 - [TEST_STEP][PASSED] - partyOnboardingPersonal.inputDataForPartyRequiredDocument(s12_documentCategory, s12_kycExpired, s12_documentType, s12_validFrom, s12_validTo, s12_referenceNumber, s12_issuingAuthority, s12_issuingCountry, s12_documentVerified, s12_image, s12_documentCollectionStatus): Keys 'Documents collected and validated centrally' sent to object: 'Object Repository/PartyOnboarding/Personal/PartyRequiredDocument/ddl_DocumentsCollectionStatus'&#xD;
&#xD;
2019-08-20 16:51:35 - [MESSAGE][PASSED] - Delayed 1 second(s)&#xD;
&#xD;
2019-08-20 16:51:35 - [MESSAGE][PASSED] - Object 'Object Repository/PartyOnboarding/Personal/PartyRequiredDocument/New Row' is visible&#xD;
&#xD;
2019-08-20 16:51:35 - [MESSAGE][PASSED] - Execute JavaScript 'arguments[0].click();' successfully&#xD;
&#xD;
2019-08-20 16:51:35 - [MESSAGE][PASSED] - Object 'Object Repository/PartyOnboarding/Personal/PartyRequiredDocument/DocumentCategory' is visible&#xD;
&#xD;
2019-08-20 16:51:36 - [MESSAGE][PASSED] - Keys 'ENTER + PT-NRC' sent to object: 'Object Repository/PartyOnboarding/Personal/PartyRequiredDocument/DocumentCategory'&#xD;
&#xD;
2019-08-20 16:51:36 - [MESSAGE][PASSED] - Object 'Object Repository/PartyOnboarding/Personal/PartyRequiredDocument/KYCExpiryDate' is visible&#xD;
&#xD;
2019-08-20 16:51:37 - [MESSAGE][PASSED] - Delayed 1 second(s)&#xD;
&#xD;
2019-08-20 16:51:37 - [MESSAGE][PASSED] - Text of object 'Object Repository/PartyOnboarding/Personal/PartyRequiredDocument/KYCExpiryDate' is cleared&#xD;
&#xD;
2019-08-20 16:51:37 - [MESSAGE][PASSED] - Object 'Object Repository/PartyOnboarding/Personal/PartyRequiredDocument/KYCExpiryDate' is visible&#xD;
&#xD;
2019-08-20 16:51:37 - [MESSAGE][PASSED] - Keys '2021-08-04' sent to object: 'Object Repository/PartyOnboarding/Personal/PartyRequiredDocument/KYCExpiryDate'&#xD;
&#xD;
2019-08-20 16:51:37 - [MESSAGE][PASSED] - Object 'Object Repository/PartyOnboarding/Personal/PartyRequiredDocument/Document Type' is visible&#xD;
&#xD;
2019-08-20 16:51:38 - [MESSAGE][PASSED] - Keys 'NRC' sent to object: 'Object Repository/PartyOnboarding/Personal/PartyRequiredDocument/Document Type'&#xD;
&#xD;
2019-08-20 16:51:38 - [MESSAGE][PASSED] - Object 'Object Repository/PartyOnboarding/Personal/PartyRequiredDocument/Valid From_document' is visible&#xD;
&#xD;
2019-08-20 16:51:38 - [MESSAGE][PASSED] - Text of object 'Object Repository/PartyOnboarding/Personal/PartyRequiredDocument/Valid From_document' is cleared&#xD;
&#xD;
2019-08-20 16:51:38 - [MESSAGE][PASSED] - Object 'Object Repository/PartyOnboarding/Personal/PartyRequiredDocument/Valid From_document' is visible&#xD;
&#xD;
2019-08-20 16:51:38 - [MESSAGE][PASSED] - Keys '2019-01-24' sent to object: 'Object Repository/PartyOnboarding/Personal/PartyRequiredDocument/Valid From_document'&#xD;
&#xD;
2019-08-20 16:51:38 - [MESSAGE][PASSED] - Object 'Object Repository/PartyOnboarding/Personal/PartyRequiredDocument/Valid To_document' is visible&#xD;
&#xD;
2019-08-20 16:51:38 - [MESSAGE][PASSED] - Keys '' sent to object: 'Object Repository/PartyOnboarding/Personal/PartyRequiredDocument/Valid To_document'&#xD;
&#xD;
2019-08-20 16:51:38 - [MESSAGE][PASSED] - Object 'Object Repository/PartyOnboarding/Personal/PartyRequiredDocument/input_Reference Number' is visible&#xD;
&#xD;
2019-08-20 16:51:38 - [MESSAGE][PASSED] - Keys '' sent to object: 'Object Repository/PartyOnboarding/Personal/PartyRequiredDocument/input_Reference Number'&#xD;
&#xD;
2019-08-20 16:51:38 - [MESSAGE][PASSED] - Object 'Object Repository/PartyOnboarding/Personal/PartyRequiredDocument/Issuing Authority' is visible&#xD;
&#xD;
2019-08-20 16:51:39 - [MESSAGE][PASSED] - Keys '' sent to object: 'Object Repository/PartyOnboarding/Personal/PartyRequiredDocument/Issuing Authority'&#xD;
&#xD;
2019-08-20 16:51:39 - [MESSAGE][PASSED] - Object 'Object Repository/PartyOnboarding/Personal/PartyRequiredDocument/Issuing Country' is visible&#xD;
&#xD;
2019-08-20 16:51:39 - [MESSAGE][PASSED] - Keys 'Bahrain' sent to object: 'Object Repository/PartyOnboarding/Personal/PartyRequiredDocument/Issuing Country'&#xD;
&#xD;
2019-08-20 16:51:39 - [MESSAGE][PASSED] - Object 'Object Repository/PartyOnboarding/Personal/PartyRequiredDocument/Document Verified' is visible&#xD;
&#xD;
2019-08-20 16:51:39 - [MESSAGE][PASSED] - Keys 'true' sent to object: 'Object Repository/PartyOnboarding/Personal/PartyRequiredDocument/Document Verified'&#xD;
&#xD;
2019-08-20 16:51:39 - [MESSAGE][PASSED] - Object 'Object Repository/PartyOnboarding/Personal/PartyRequiredDocument/Image ID_03' is visible&#xD;
&#xD;
2019-08-20 16:51:40 - [MESSAGE][PASSED] - Keys 'sugarrush' sent to object: 'Object Repository/PartyOnboarding/Personal/PartyRequiredDocument/Image ID_03'&#xD;
&#xD;
2019-08-20 16:51:40 - [MESSAGE][PASSED] - Object 'Object Repository/PartyOnboarding/Personal/PartyRequiredDocument/Save Row' is visible&#xD;
&#xD;
2019-08-20 16:51:40 - [MESSAGE][PASSED] - Execute JavaScript 'arguments[0].click();' successfully&#xD;
&#xD;
2019-08-20 16:51:40 - [MESSAGE][PASSED] - Object 'Object Repository/PartyOnboarding/Personal/PartyRequiredDocument/ddl_DocumentsCollectionStatus' is visible&#xD;
&#xD;
2019-08-20 16:51:42 - [MESSAGE][PASSED] - Keys 'Documents collected and validated centrally' sent to object: 'Object Repository/PartyOnboarding/Personal/PartyRequiredDocument/ddl_DocumentsCollectionStatus'&#xD;
&#xD;
2019-08-20 16:51:42 - [TEST_STEP][PASSED] - log.logInfo("--- Input Party Required Documents - Click Next button---"): --- Input Party Required Documents - Click Next button---&#xD;
&#xD;
2019-08-20 16:51:42 - [MESSAGE][INFO] - --- Input Party Required Documents - Click Next button---&#xD;
&#xD;
2019-08-20 16:51:42 - [TEST_STEP][PASSED] - partyOnboardingPersonal.clickNextbutton(): Object: 'Object Repository/PartyOnboarding/btn_Next' is clicked on&#xD;
&#xD;
2019-08-20 16:51:42 - [MESSAGE][PASSED] - Object 'Object Repository/PartyOnboarding/btn_Next' is visible&#xD;
&#xD;
2019-08-20 16:51:42 - [MESSAGE][PASSED] - Object: 'Object Repository/PartyOnboarding/btn_Next' is clicked on&#xD;
&#xD;
2019-08-20 16:51:42 - [TEST_STEP][PASSED] - log.logInfo("--- Input Party Required Documents - Record PartyID ---"): --- Input Party Required Documents - Record PartyID ---&#xD;
&#xD;
2019-08-20 16:51:42 - [MESSAGE][INFO] - --- Input Party Required Documents - Record PartyID ---&#xD;
&#xD;
2019-08-20 16:51:42 - [TEST_STEP][PASSED] - partyOnboardingPersonal.recordPartyId(): Attribute 'value' of object 'Object Repository/PartyOnboarding/Confirmation/PartyID' is: 'EFKQKZTS'&#xD;
&#xD;
2019-08-20 16:51:43 - [MESSAGE][PASSED] - Attribute 'value' of object 'Object Repository/PartyOnboarding/Confirmation/PartyID' is: 'EFKQKZTS'&#xD;
&#xD;
2019-08-20 16:51:44 - [TEST_STEP][PASSED] - log.logInfo("--- Ask For Approve - Click Next button ---"): --- Ask For Approve - Click Next button ---&#xD;
&#xD;
2019-08-20 16:51:44 - [MESSAGE][INFO] - --- Ask For Approve - Click Next button ---&#xD;
&#xD;
2019-08-20 16:51:44 - [TEST_STEP][PASSED] - partyOnboardingPersonal.clickNextbutton(): Object: 'Object Repository/PartyOnboarding/btn_Next' is clicked on&#xD;
&#xD;
2019-08-20 16:51:44 - [MESSAGE][PASSED] - Object 'Object Repository/PartyOnboarding/btn_Next' is visible&#xD;
&#xD;
2019-08-20 16:51:44 - [MESSAGE][PASSED] - Object: 'Object Repository/PartyOnboarding/btn_Next' is clicked on&#xD;
&#xD;
2019-08-20 16:51:44 - [TEST_STEP][PASSED] - log.logInfo("--- Ask For Approve - Click Ask For Approval button ---"): --- Ask For Approve - Click Ask For Approval button ---&#xD;
&#xD;
2019-08-20 16:51:44 - [MESSAGE][INFO] - --- Ask For Approve - Click Ask For Approval button ---&#xD;
&#xD;
2019-08-20 16:51:44 - [TEST_STEP][PASSED] - partyOnboardingPersonal.clickAskForApprovalbutton(): Object: 'Object Repository/PartyOnboarding/RequestToApproval/AskForApproval_btn' is clicked on&#xD;
&#xD;
2019-08-20 16:51:45 - [MESSAGE][PASSED] - Object 'Object Repository/PartyOnboarding/RequestToApproval/AskForApproval_btn' is visible&#xD;
&#xD;
2019-08-20 16:51:45 - [MESSAGE][PASSED] - Object: 'Object Repository/PartyOnboarding/RequestToApproval/AskForApproval_btn' is clicked on</system-out>
            <system-err></system-err>
        </testcase>
        <testcase name="Test Cases/DataPreparation/PartyOnboardingPersonal" classname="Test Cases/DataPreparation/PartyOnboardingPersonal" status="PASSED">
            <system-out>2019-08-20 16:51:45 - [TEST_CASE][PASSED] - Test Cases/DataPreparation/PartyOnboardingPersonal: Test Cases/DataPreparation/PartyOnboardingPersonal&#xD;
&#xD;
2019-08-20 16:51:45 - [TEST_STEP][PASSED] - Start listener action : sampleBeforeTestCase: null&#xD;
&#xD;
2019-08-20 16:51:45 - [TEST_STEP][PASSED] - testCaseID = testCaseContext.getTestCaseId(): null&#xD;
&#xD;
2019-08-20 16:51:45 - [TEST_STEP][PASSED] - partyOnboardingPersonal = new pageObjects.PartyOnboardingPersonal(): null&#xD;
&#xD;
2019-08-20 16:51:45 - [TEST_STEP][PASSED] - abtractTest = new commons.AbtractTest(): null&#xD;
&#xD;
2019-08-20 16:51:45 - [TEST_STEP][PASSED] - excelFiles = new report.ExcelFiles(): null&#xD;
&#xD;
2019-08-20 16:51:45 - [TEST_STEP][PASSED] - log = new com.kms.katalon.core.util.KeywordUtil(): null&#xD;
&#xD;
2019-08-20 16:51:45 - [TEST_STEP][PASSED] - results = "": null&#xD;
&#xD;
2019-08-20 16:51:45 - [TEST_STEP][PASSED] - delay(3): Delayed 3 second(s)&#xD;
&#xD;
2019-08-20 16:51:48 - [MESSAGE][PASSED] - Delayed 3 second(s)&#xD;
&#xD;
2019-08-20 16:51:48 - [TEST_STEP][PASSED] - log.logInfo("--- Open Party Onboarding in Menu Search ---"): --- Open Party Onboarding in Menu Search ---&#xD;
&#xD;
2019-08-20 16:51:48 - [MESSAGE][INFO] - --- Open Party Onboarding in Menu Search ---&#xD;
&#xD;
2019-08-20 16:51:48 - [TEST_STEP][PASSED] - partyOnboardingPersonal.inputPartyOnboardingMenuSearch(): Object 'menuSearch_txt' is present&#xD;
&#xD;
2019-08-20 16:51:48 - [MESSAGE][PASSED] - Object 'Object Repository/Menu_Search' is visible&#xD;
&#xD;
2019-08-20 16:51:49 - [MESSAGE][PASSED] - Keys 'ENTER + Party Onboarding' sent to object: 'Object Repository/Menu_Search'&#xD;
&#xD;
2019-08-20 16:51:49 - [MESSAGE][PASSED] - Object 'menuSearch_txt' is present&#xD;
&#xD;
2019-08-20 16:51:49 - [TEST_STEP][PASSED] - log.logInfo("--- Input Local Global ---"): --- Input Local Global ---&#xD;
&#xD;
2019-08-20 16:51:49 - [MESSAGE][INFO] - --- Input Local Global ---&#xD;
&#xD;
2019-08-20 16:51:49 - [TEST_STEP][PASSED] - partyOnboardingPersonal.inputLocalGlobal(s05_localglobal): Keys 'Local Private' sent to object: 'Object Repository/PartyOnboarding/PartyOnboarding/Local Global'&#xD;
&#xD;
2019-08-20 16:51:50 - [MESSAGE][PASSED] - Text of object 'Object Repository/PartyOnboarding/PartyOnboarding/Local Global' is cleared&#xD;
&#xD;
2019-08-20 16:51:50 - [MESSAGE][PASSED] - Object 'Object Repository/PartyOnboarding/PartyOnboarding/Local Global' is visible&#xD;
&#xD;
2019-08-20 16:51:50 - [MESSAGE][PASSED] - Object 'Object Repository/PartyOnboarding/PartyOnboarding/Local Global' is visible&#xD;
&#xD;
2019-08-20 16:51:51 - [MESSAGE][PASSED] - Keys 'Local Private' sent to object: 'Object Repository/PartyOnboarding/PartyOnboarding/Local Global'&#xD;
&#xD;
2019-08-20 16:51:51 - [TEST_STEP][PASSED] - log.logInfo("--- Input Party Type ---"): --- Input Party Type ---&#xD;
&#xD;
2019-08-20 16:51:51 - [MESSAGE][INFO] - --- Input Party Type ---&#xD;
&#xD;
2019-08-20 16:51:51 - [TEST_STEP][PASSED] - partyOnboardingPersonal.inputPartyType(s05_partytype): Keys 'TAB + Personal' sent to object: 'Object Repository/PartyOnboarding/PartyOnboarding/Party Type'&#xD;
&#xD;
2019-08-20 16:51:51 - [MESSAGE][PASSED] - Object 'Object Repository/PartyOnboarding/PartyOnboarding/Party Type' is visible&#xD;
&#xD;
2019-08-20 16:51:51 - [MESSAGE][PASSED] - Keys 'TAB + Personal' sent to object: 'Object Repository/PartyOnboarding/PartyOnboarding/Party Type'&#xD;
&#xD;
2019-08-20 16:51:51 - [TEST_STEP][PASSED] - log.logInfo("--- Input Party Sub Type ---"): --- Input Party Sub Type ---&#xD;
&#xD;
2019-08-20 16:51:51 - [MESSAGE][INFO] - --- Input Party Sub Type ---&#xD;
&#xD;
2019-08-20 16:51:51 - [TEST_STEP][PASSED] - partyOnboardingPersonal.inputPartySubType(s05_partysubtype): Keys 'Individual' sent to object: 'Object Repository/PartyOnboarding/PartyOnboarding/Party Sub-Type'&#xD;
&#xD;
2019-08-20 16:51:52 - [MESSAGE][PASSED] - Delayed 1 second(s)&#xD;
&#xD;
2019-08-20 16:51:52 - [MESSAGE][PASSED] - Object 'Object Repository/PartyOnboarding/PartyOnboarding/Party Type' is visible&#xD;
&#xD;
2019-08-20 16:51:52 - [MESSAGE][PASSED] - Keys 'Individual' sent to object: 'Object Repository/PartyOnboarding/PartyOnboarding/Party Sub-Type'&#xD;
&#xD;
2019-08-20 16:51:52 - [TEST_STEP][PASSED] - log.logInfo("--- Input Party Category ---"): --- Input Party Category ---&#xD;
&#xD;
2019-08-20 16:51:52 - [MESSAGE][INFO] - --- Input Party Category ---&#xD;
&#xD;
2019-08-20 16:51:52 - [TEST_STEP][PASSED] - partyOnboardingPersonal.inputPartyCategory(s05_partycategory): Keys 'Full' sent to object: 'Object Repository/PartyOnboarding/PartyOnboarding/Party Category'&#xD;
&#xD;
2019-08-20 16:51:52 - [MESSAGE][PASSED] - Object 'Object Repository/PartyOnboarding/PartyOnboarding/Party Category' is visible&#xD;
&#xD;
2019-08-20 16:51:52 - [MESSAGE][PASSED] - Keys 'Full' sent to object: 'Object Repository/PartyOnboarding/PartyOnboarding/Party Category'&#xD;
&#xD;
2019-08-20 16:51:52 - [TEST_STEP][PASSED] - log.logInfo("--- Check Line of Business ---"): --- Check Line of Business ---&#xD;
&#xD;
2019-08-20 16:51:52 - [MESSAGE][INFO] - --- Check Line of Business ---&#xD;
&#xD;
2019-08-20 16:51:52 - [TEST_STEP][PASSED] - log.logInfo("--- Click Next to Party Check List  ---"): --- Click Next to Party Check List  ---&#xD;
&#xD;
2019-08-20 16:51:52 - [MESSAGE][INFO] - --- Click Next to Party Check List  ---&#xD;
&#xD;
2019-08-20 16:51:52 - [TEST_STEP][PASSED] - partyOnboardingPersonal.clickNextbutton(): Object: 'Object Repository/PartyOnboarding/btn_Next' is clicked on&#xD;
&#xD;
2019-08-20 16:51:52 - [MESSAGE][PASSED] - Object 'Object Repository/PartyOnboarding/btn_Next' is visible&#xD;
&#xD;
2019-08-20 16:51:53 - [MESSAGE][PASSED] - Object: 'Object Repository/PartyOnboarding/btn_Next' is clicked on&#xD;
&#xD;
2019-08-20 16:51:53 - [TEST_STEP][PASSED] - delay(1): Delayed 1 second(s)&#xD;
&#xD;
2019-08-20 16:51:54 - [MESSAGE][PASSED] - Delayed 1 second(s)&#xD;
&#xD;
2019-08-20 16:51:54 - [TEST_STEP][PASSED] - log.logInfo("--- Click Next to Party Pre-Existence Check  ---"): --- Click Next to Party Pre-Existence Check  ---&#xD;
&#xD;
2019-08-20 16:51:54 - [MESSAGE][INFO] - --- Click Next to Party Pre-Existence Check  ---&#xD;
&#xD;
2019-08-20 16:51:54 - [TEST_STEP][PASSED] - partyOnboardingPersonal.clickNextbutton(): Object: 'Object Repository/PartyOnboarding/btn_Next' is clicked on&#xD;
&#xD;
2019-08-20 16:51:54 - [MESSAGE][PASSED] - Object 'Object Repository/PartyOnboarding/btn_Next' is visible&#xD;
&#xD;
2019-08-20 16:51:54 - [MESSAGE][PASSED] - Object: 'Object Repository/PartyOnboarding/btn_Next' is clicked on&#xD;
&#xD;
2019-08-20 16:51:54 - [TEST_STEP][PASSED] - delay(1): Delayed 1 second(s)&#xD;
&#xD;
2019-08-20 16:51:55 - [MESSAGE][PASSED] - Delayed 1 second(s)&#xD;
&#xD;
2019-08-20 16:51:55 - [TEST_STEP][PASSED] - log.logInfo("--- Input data on Party Pre-Existence Check  ---"): --- Input data on Party Pre-Existence Check  ---&#xD;
&#xD;
2019-08-20 16:51:55 - [MESSAGE][INFO] - --- Input data on Party Pre-Existence Check  ---&#xD;
&#xD;
2019-08-20 16:51:55 - [TEST_STEP][PASSED] - partyOnboardingPersonal.inputPreExistenceCheck(s08_firstname, s08_dateofbirth, s08_nationalldType, s08_nationalldNo, s08_lastname, s08_strState, s08_district01, s08_district02, s08_district03, s08_strType, s08_strregstrationNo): Keys '893064' sent to object: 'Object Repository/PartyOnboarding/Personal/Pre-Existence Check/NRC_fields/txt_RegstrationNo'&#xD;
&#xD;
2019-08-20 16:51:55 - [MESSAGE][PASSED] - Object 'Object Repository/PartyOnboarding/Personal/Pre-Existence Check/txt_FirstName' is visible&#xD;
&#xD;
2019-08-20 16:51:55 - [MESSAGE][PASSED] - Keys 'ATO 0000002' sent to object: 'Object Repository/PartyOnboarding/Personal/Pre-Existence Check/txt_FirstName'&#xD;
&#xD;
2019-08-20 16:51:55 - [MESSAGE][PASSED] - Object 'Object Repository/PartyOnboarding/Personal/Pre-Existence Check/txt_LastName' is visible&#xD;
&#xD;
2019-08-20 16:51:55 - [MESSAGE][PASSED] - Keys 'Nguyen' sent to object: 'Object Repository/PartyOnboarding/Personal/Pre-Existence Check/txt_LastName'&#xD;
&#xD;
2019-08-20 16:51:55 - [MESSAGE][PASSED] - Object 'Object Repository/PartyOnboarding/Personal/Pre-Existence Check/txt_DateOfBirth' is visible&#xD;
&#xD;
2019-08-20 16:51:55 - [MESSAGE][PASSED] - Keys '12-17-1990' sent to object: 'Object Repository/PartyOnboarding/Personal/Pre-Existence Check/txt_DateOfBirth'&#xD;
&#xD;
2019-08-20 16:51:55 - [MESSAGE][PASSED] - Object 'Object Repository/PartyOnboarding/Personal/Pre-Existence Check/ddl_NationlldType' is visible&#xD;
&#xD;
2019-08-20 16:51:56 - [MESSAGE][PASSED] - Keys 'TAB + NRC' sent to object: 'Object Repository/PartyOnboarding/Personal/Pre-Existence Check/ddl_NationlldType'&#xD;
&#xD;
2019-08-20 16:51:56 - [MESSAGE][PASSED] - Object 'Object Repository/PartyOnboarding/Personal/Pre-Existence Check/txt_NationalldNo' is visible&#xD;
&#xD;
2019-08-20 16:51:56 - [MESSAGE][PASSED] - Object 'Object Repository/PartyOnboarding/Personal/Pre-Existence Check/NRC_fields/ddl_State' is visible&#xD;
&#xD;
2019-08-20 16:51:56 - [MESSAGE][PASSED] - Keys '10' sent to object: 'Object Repository/PartyOnboarding/Personal/Pre-Existence Check/NRC_fields/ddl_State'&#xD;
&#xD;
2019-08-20 16:51:56 - [MESSAGE][PASSED] - Object 'Object Repository/PartyOnboarding/Personal/Pre-Existence Check/NRC_fields/ddl_District01' is visible&#xD;
&#xD;
2019-08-20 16:51:56 - [MESSAGE][PASSED] - Keys 'AH' sent to object: 'Object Repository/PartyOnboarding/Personal/Pre-Existence Check/NRC_fields/ddl_District01'&#xD;
&#xD;
2019-08-20 16:51:56 - [MESSAGE][PASSED] - Object 'Object Repository/PartyOnboarding/Personal/Pre-Existence Check/NRC_fields/ddl_District02' is visible&#xD;
&#xD;
2019-08-20 16:51:56 - [MESSAGE][PASSED] - Keys 'AH' sent to object: 'Object Repository/PartyOnboarding/Personal/Pre-Existence Check/NRC_fields/ddl_District02'&#xD;
&#xD;
2019-08-20 16:51:56 - [MESSAGE][PASSED] - Object 'Object Repository/PartyOnboarding/Personal/Pre-Existence Check/NRC_fields/ddl_District03' is visible&#xD;
&#xD;
2019-08-20 16:51:56 - [MESSAGE][PASSED] - Keys 'AH' sent to object: 'Object Repository/PartyOnboarding/Personal/Pre-Existence Check/NRC_fields/ddl_District03'&#xD;
&#xD;
2019-08-20 16:51:56 - [MESSAGE][PASSED] - Object 'Object Repository/PartyOnboarding/Personal/Pre-Existence Check/NRC_fields/ddl_Type' is visible&#xD;
&#xD;
2019-08-20 16:51:56 - [MESSAGE][PASSED] - Keys '(HTAYA)' sent to object: 'Object Repository/PartyOnboarding/Personal/Pre-Existence Check/NRC_fields/ddl_Type'&#xD;
&#xD;
2019-08-20 16:51:56 - [MESSAGE][PASSED] - Object 'Object Repository/PartyOnboarding/Personal/Pre-Existence Check/NRC_fields/txt_RegstrationNo' is visible&#xD;
&#xD;
2019-08-20 16:51:56 - [MESSAGE][PASSED] - Keys '893064' sent to object: 'Object Repository/PartyOnboarding/Personal/Pre-Existence Check/NRC_fields/txt_RegstrationNo'&#xD;
&#xD;
2019-08-20 16:51:56 - [TEST_STEP][PASSED] - log.logInfo("--- Click Next button ---"): --- Click Next button ---&#xD;
&#xD;
2019-08-20 16:51:56 - [MESSAGE][INFO] - --- Click Next button ---&#xD;
&#xD;
2019-08-20 16:51:56 - [TEST_STEP][PASSED] - partyOnboardingPersonal.clickNextbutton(): Object: 'Object Repository/PartyOnboarding/btn_Next' is clicked on&#xD;
&#xD;
2019-08-20 16:51:57 - [MESSAGE][PASSED] - Object 'Object Repository/PartyOnboarding/btn_Next' is visible&#xD;
&#xD;
2019-08-20 16:51:57 - [MESSAGE][PASSED] - Object: 'Object Repository/PartyOnboarding/btn_Next' is clicked on&#xD;
&#xD;
2019-08-20 16:51:57 - [TEST_STEP][PASSED] - log.logInfo("--- Key in data all required fields on Personal Party - PartyId ---"): --- Key in data all required fields on Personal Party - PartyId ---&#xD;
&#xD;
2019-08-20 16:51:57 - [MESSAGE][INFO] - --- Key in data all required fields on Personal Party - PartyId ---&#xD;
&#xD;
2019-08-20 16:51:57 - [TEST_STEP][PASSED] - partyOnboardingPersonal.inputPartyId(): Web element with id: 'Object Repository/PartyOnboarding/Personal/PersonalParty/Message/pop_ErrorDuplicatePartyID' located by 'By.xpath: //textarea[@name='03messages']' not found&#xD;
&#xD;
2019-08-20 16:51:58 - [MESSAGE][PASSED] - Object 'Object Repository/PartyOnboarding/Personal/PersonalParty/txt_PartyID' is visible&#xD;
&#xD;
2019-08-20 16:51:58 - [MESSAGE][PASSED] - Object 'Object Repository/PartyOnboarding/Personal/PersonalParty/txt_PartyID' is visible&#xD;
&#xD;
2019-08-20 16:51:58 - [MESSAGE][PASSED] - Keys 'TAB + Zr8Xfvip' sent to object: 'Object Repository/PartyOnboarding/Personal/PersonalParty/txt_PartyID'&#xD;
&#xD;
2019-08-20 16:52:29 - [MESSAGE][INFO] - Unable to find the element located by 'By.xpath: //textarea[@name='03messages']'. Please recheck the objects properties to make sure the desired element is located. &#xD;
&#xD;
2019-08-20 16:52:29 - [MESSAGE][WARNING] - Web element with id: 'Object Repository/PartyOnboarding/Personal/PersonalParty/Message/pop_ErrorDuplicatePartyID' located by 'By.xpath: //textarea[@name='03messages']' not found&#xD;
&#xD;
2019-08-20 16:52:29 - [TEST_STEP][PASSED] - log.logInfo("--- Key in data all required fields on Personal Party - Input Nation Identifer Type ---"): --- Key in data all required fields on Personal Party - Input Nation Identifer Type ---&#xD;
&#xD;
2019-08-20 16:52:29 - [MESSAGE][INFO] - --- Key in data all required fields on Personal Party - Input Nation Identifer Type ---&#xD;
&#xD;
2019-08-20 16:52:29 - [TEST_STEP][PASSED] - partyOnboardingPersonal.inputNationalIdentifierType(s09_nationIdentifierType): Keys 'TAB + Passport' sent to object: 'Object Repository/PartyOnboarding/Personal/PersonalParty/ddl_NationalIdentifierType'&#xD;
&#xD;
2019-08-20 16:52:29 - [MESSAGE][PASSED] - Object 'Object Repository/PartyOnboarding/Personal/PersonalParty/ddl_NationalIdentifierType' is visible&#xD;
&#xD;
2019-08-20 16:52:30 - [MESSAGE][PASSED] - Keys 'TAB + Passport' sent to object: 'Object Repository/PartyOnboarding/Personal/PersonalParty/ddl_NationalIdentifierType'&#xD;
&#xD;
2019-08-20 16:52:30 - [TEST_STEP][PASSED] - log.logInfo("--- Key in data all required fields on Personal Party - Input Nation Identifer ---"): --- Key in data all required fields on Personal Party - Input Nation Identifer ---&#xD;
&#xD;
2019-08-20 16:52:30 - [MESSAGE][INFO] - --- Key in data all required fields on Personal Party - Input Nation Identifer ---&#xD;
&#xD;
2019-08-20 16:52:30 - [TEST_STEP][PASSED] - partyOnboardingPersonal.inputNationalIdentifier(s09_nationIdentifier): Keys 'TAB + 12345602' sent to object: 'Object Repository/PartyOnboarding/Personal/PersonalParty/txt_NationalIdentifier'&#xD;
&#xD;
2019-08-20 16:52:30 - [MESSAGE][PASSED] - Object 'Object Repository/PartyOnboarding/Personal/PersonalParty/txt_NationalIdentifier' is visible&#xD;
&#xD;
2019-08-20 16:52:30 - [MESSAGE][PASSED] - Keys 'TAB + 12345602' sent to object: 'Object Repository/PartyOnboarding/Personal/PersonalParty/txt_NationalIdentifier'&#xD;
&#xD;
2019-08-20 16:52:30 - [TEST_STEP][PASSED] - log.logInfo("--- Key in data all required fields on Personal Party - Input Title ---"): --- Key in data all required fields on Personal Party - Input Title ---&#xD;
&#xD;
2019-08-20 16:52:30 - [MESSAGE][INFO] - --- Key in data all required fields on Personal Party - Input Title ---&#xD;
&#xD;
2019-08-20 16:52:30 - [TEST_STEP][PASSED] - partyOnboardingPersonal.inputTitle(s09_title): Keys 'TAB + Ms' sent to object: 'Object Repository/PartyOnboarding/Personal/PersonalParty/ddl_Title'&#xD;
&#xD;
2019-08-20 16:52:30 - [MESSAGE][PASSED] - Object 'Object Repository/PartyOnboarding/Personal/PersonalParty/ddl_Title' is visible&#xD;
&#xD;
2019-08-20 16:52:30 - [MESSAGE][PASSED] - Keys 'TAB + Ms' sent to object: 'Object Repository/PartyOnboarding/Personal/PersonalParty/ddl_Title'&#xD;
&#xD;
2019-08-20 16:52:30 - [TEST_STEP][PASSED] - log.logInfo("--- Key in data all required fields on Personal Party - Input Employment Status ---"): --- Key in data all required fields on Personal Party - Input Employment Status ---&#xD;
&#xD;
2019-08-20 16:52:30 - [MESSAGE][INFO] - --- Key in data all required fields on Personal Party - Input Employment Status ---&#xD;
&#xD;
2019-08-20 16:52:30 - [TEST_STEP][PASSED] - partyOnboardingPersonal.inputEmploymentStatus(s09_employmentStatus): Keys 'TAB + Student' sent to object: 'Object Repository/PartyOnboarding/Personal/PersonalParty/ddl_EmploymentStatus'&#xD;
&#xD;
2019-08-20 16:52:30 - [MESSAGE][PASSED] - Object 'Object Repository/PartyOnboarding/Personal/PersonalParty/ddl_EmploymentStatus' is visible&#xD;
&#xD;
[...]
&#xD;
2019-08-20 16:55:43 - [MESSAGE][PASSED] - Keys '+1' sent to object: 'Object Repository/PartyOnboarding/Personal/PartyContacts/Contact Number_03_Code'&#xD;
&#xD;
2019-08-20 16:55:43 - [MESSAGE][PASSED] - Object 'Object Repository/PartyOnboarding/Personal/PartyContacts/Contact Number_AreaCode' is visible&#xD;
&#xD;
2019-08-20 16:55:43 - [MESSAGE][PASSED] - Keys '' sent to object: 'Object Repository/PartyOnboarding/Personal/PartyContacts/Contact Number_AreaCode'&#xD;
&#xD;
2019-08-20 16:55:43 - [MESSAGE][PASSED] - Object 'Object Repository/PartyOnboarding/Personal/PartyContacts/Contact Number_Number' is visible&#xD;
&#xD;
2019-08-20 16:55:43 - [MESSAGE][PASSED] - Keys '12312314' sent to object: 'Object Repository/PartyOnboarding/Personal/PartyContacts/Contact Number_Number'&#xD;
&#xD;
2019-08-20 16:55:44 - [MESSAGE][WARNING] - Object 'Object Repository/PartyOnboarding/Personal/PartyContacts/Contact Number_03_Code' does not have attribute 'readonly' (Root cause: com.kms.katalon.core.exception.StepFailedException: Object 'Object Repository/PartyOnboarding/Personal/PartyContacts/Contact Number_03_Code' does not have attribute 'readonly'&#xD;
	at com.kms.katalon.core.webui.keyword.internal.WebUIKeywordMain.stepFailed(WebUIKeywordMain.groovy:64)&#xD;
	at com.kms.katalon.core.webui.keyword.builtin.VerifyElementHasAttributeKeyword$_verifyElementHasAttribute_closure1.doCall(VerifyElementHasAttributeKeyword.groovy:89)&#xD;
	at com.kms.katalon.core.webui.keyword.builtin.VerifyElementHasAttributeKeyword$_verifyElementHasAttribute_closure1.call(VerifyElementHasAttributeKeyword.groovy)&#xD;
	at com.kms.katalon.core.webui.keyword.internal.WebUIKeywordMain.runKeyword(WebUIKeywordMain.groovy:20)&#xD;
	at com.kms.katalon.core.webui.keyword.builtin.VerifyElementHasAttributeKeyword.verifyElementHasAttribute(VerifyElementHasAttributeKeyword.groovy:100)&#xD;
	at com.kms.katalon.core.webui.keyword.builtin.VerifyElementHasAttributeKeyword.execute(VerifyElementHasAttributeKeyword.groovy:69)&#xD;
	at com.kms.katalon.core.keyword.internal.KeywordExecutor.executeKeywordForPlatform(KeywordExecutor.groovy:56)&#xD;
	at com.kms.katalon.core.webui.keyword.WebUiBuiltInKeywords.verifyElementHasAttribute(WebUiBuiltInKeywords.groovy:3166)&#xD;
	at com.kms.katalon.core.webui.keyword.WebUiBuiltInKeywords$verifyElementHasAttribute$11.call(Unknown Source)&#xD;
	at pageObjects.PartyOnboardingPersonal.inputDataForPartyContacts(PartyOnboardingPersonal.groovy:735)&#xD;
	at PartyOnboardingPersonal.run(PartyOnboardingPersonal:77)&#xD;
	at com.kms.katalon.core.main.ScriptEngine.run(ScriptEngine.java:194)&#xD;
	at com.kms.katalon.core.main.ScriptEngine.runScriptAsRawText(ScriptEngine.java:119)&#xD;
	at com.kms.katalon.core.main.TestCaseExecutor.runScript(TestCaseExecutor.java:337)&#xD;
	at com.kms.katalon.core.main.TestCaseExecutor.doExecute(TestCaseExecutor.java:328)&#xD;
	at com.kms.katalon.core.main.TestCaseExecutor.processExecutionPhase(TestCaseExecutor.java:307)&#xD;
	at com.kms.katalon.core.main.TestCaseExecutor.accessMainPhase(TestCaseExecutor.java:299)&#xD;
	at com.kms.katalon.core.main.TestCaseExecutor.execute(TestCaseExecutor.java:233)&#xD;
	at com.kms.katalon.core.main.TestSuiteExecutor.accessTestCaseMainPhase(TestSuiteExecutor.java:133)&#xD;
	at com.kms.katalon.core.main.TestSuiteExecutor.accessTestSuiteMainPhase(TestSuiteExecutor.java:116)&#xD;
	at com.kms.katalon.core.main.TestSuiteExecutor.execute(TestSuiteExecutor.java:83)&#xD;
	at com.kms.katalon.core.main.TestCaseMain.startTestSuite(TestCaseMain.java:157)&#xD;
	at com.kms.katalon.core.main.TestCaseMain$startTestSuite$0.call(Unknown Source)&#xD;
	at TempTestSuite1566296411033.run(TempTestSuite1566296411033.groovy:35)&#xD;
)&#xD;
[[ATTACHMENT|C:\\ML\\JITS\\AYA\\Automation\\FBE\\FBE\\Reports\\DataPreparation\\PartyOnboardingPersonal\\20190820_165011\\1566296743979.png]]&#xD;
&#xD;
2019-08-20 16:55:44 - [MESSAGE][PASSED] - Object 'Object Repository/PartyOnboarding/Personal/PartyContacts/Valid From' is visible&#xD;
&#xD;
2019-08-20 16:55:44 - [MESSAGE][PASSED] - Text of object 'Object Repository/PartyOnboarding/Personal/PartyContacts/Valid From' is cleared&#xD;
&#xD;
2019-08-20 16:55:44 - [MESSAGE][PASSED] - Object 'Object Repository/PartyOnboarding/Personal/PartyContacts/Valid From' is visible&#xD;
&#xD;
2019-08-20 16:55:44 - [MESSAGE][PASSED] - Keys '2018-01-24' sent to object: 'Object Repository/PartyOnboarding/Personal/PartyContacts/Valid From'&#xD;
&#xD;
2019-08-20 16:55:44 - [MESSAGE][PASSED] - Object 'Object Repository/PartyOnboarding/Personal/PartyContacts/Save Row' is visible&#xD;
&#xD;
2019-08-20 16:55:45 - [MESSAGE][PASSED] - Execute JavaScript 'arguments[0].click();' successfully&#xD;
&#xD;
2019-08-20 16:55:45 - [MESSAGE][PASSED] - Object 'Object Repository/PartyOnboarding/Personal/PartyContacts/New Row' is visible&#xD;
&#xD;
2019-08-20 16:55:45 - [MESSAGE][PASSED] - Execute JavaScript 'arguments[0].click();' successfully&#xD;
&#xD;
2019-08-20 16:55:46 - [MESSAGE][PASSED] - Delayed 1 second(s)&#xD;
&#xD;
2019-08-20 16:55:46 - [MESSAGE][PASSED] - Object 'Object Repository/PartyOnboarding/Personal/PartyContacts/Contact Method' is visible&#xD;
&#xD;
2019-08-20 16:55:46 - [MESSAGE][PASSED] - Keys 'ENTER + Email' sent to object: 'Object Repository/PartyOnboarding/Personal/PartyContacts/Contact Method'&#xD;
&#xD;
2019-08-20 16:55:47 - [MESSAGE][PASSED] - Delayed 1 second(s)&#xD;
&#xD;
2019-08-20 16:55:47 - [MESSAGE][PASSED] - Object 'Object Repository/PartyOnboarding/Personal/PartyContacts/Contact Type  Location' is visible&#xD;
&#xD;
2019-08-20 16:55:47 - [MESSAGE][PASSED] - Keys 'Personal' sent to object: 'Object Repository/PartyOnboarding/Personal/PartyContacts/Contact Type  Location'&#xD;
&#xD;
2019-08-20 16:55:48 - [MESSAGE][WARNING] - Object 'Object Repository/PartyOnboarding/Personal/PartyContacts/Contact Email' does not have attribute 'readonly' (Root cause: com.kms.katalon.core.exception.StepFailedException: Object 'Object Repository/PartyOnboarding/Personal/PartyContacts/Contact Email' does not have attribute 'readonly'&#xD;
	at com.kms.katalon.core.webui.keyword.internal.WebUIKeywordMain.stepFailed(WebUIKeywordMain.groovy:64)&#xD;
	at com.kms.katalon.core.webui.keyword.builtin.VerifyElementHasAttributeKeyword$_verifyElementHasAttribute_closure1.doCall(VerifyElementHasAttributeKeyword.groovy:89)&#xD;
	at com.kms.katalon.core.webui.keyword.builtin.VerifyElementHasAttributeKeyword$_verifyElementHasAttribute_closure1.call(VerifyElementHasAttributeKeyword.groovy)&#xD;
	at com.kms.katalon.core.webui.keyword.internal.WebUIKeywordMain.runKeyword(WebUIKeywordMain.groovy:20)&#xD;
	at com.kms.katalon.core.webui.keyword.builtin.VerifyElementHasAttributeKeyword.verifyElementHasAttribute(VerifyElementHasAttributeKeyword.groovy:100)&#xD;
	at com.kms.katalon.core.webui.keyword.builtin.VerifyElementHasAttributeKeyword.execute(VerifyElementHasAttributeKeyword.groovy:69)&#xD;
	at com.kms.katalon.core.keyword.internal.KeywordExecutor.executeKeywordForPlatform(KeywordExecutor.groovy:56)&#xD;
	at com.kms.katalon.core.webui.keyword.WebUiBuiltInKeywords.verifyElementHasAttribute(WebUiBuiltInKeywords.groovy:3166)&#xD;
	at com.kms.katalon.core.webui.keyword.WebUiBuiltInKeywords$verifyElementHasAttribute$11.call(Unknown Source)&#xD;
	at pageObjects.PartyOnboardingPersonal.inputDataForPartyContacts(PartyOnboardingPersonal.groovy:721)&#xD;
	at PartyOnboardingPersonal.run(PartyOnboardingPersonal:77)&#xD;
	at com.kms.katalon.core.main.ScriptEngine.run(ScriptEngine.java:194)&#xD;
	at com.kms.katalon.core.main.ScriptEngine.runScriptAsRawText(ScriptEngine.java:119)&#xD;
	at com.kms.katalon.core.main.TestCaseExecutor.runScript(TestCaseExecutor.java:337)&#xD;
	at com.kms.katalon.core.main.TestCaseExecutor.doExecute(TestCaseExecutor.java:328)&#xD;
	at com.kms.katalon.core.main.TestCaseExecutor.processExecutionPhase(TestCaseExecutor.java:307)&#xD;
	at com.kms.katalon.core.main.TestCaseExecutor.accessMainPhase(TestCaseExecutor.java:299)&#xD;
	at com.kms.katalon.core.main.TestCaseExecutor.execute(TestCaseExecutor.java:233)&#xD;
	at com.kms.katalon.core.main.TestSuiteExecutor.accessTestCaseMainPhase(TestSuiteExecutor.java:133)&#xD;
	at com.kms.katalon.core.main.TestSuiteExecutor.accessTestSuiteMainPhase(TestSuiteExecutor.java:116)&#xD;
	at com.kms.katalon.core.main.TestSuiteExecutor.execute(TestSuiteExecutor.java:83)&#xD;
	at com.kms.katalon.core.main.TestCaseMain.startTestSuite(TestCaseMain.java:157)&#xD;
	at com.kms.katalon.core.main.TestCaseMain$startTestSuite$0.call(Unknown Source)&#xD;
	at TempTestSuite1566296411033.run(TempTestSuite1566296411033.groovy:35)&#xD;
)&#xD;
[[ATTACHMENT|C:\\ML\\JITS\\AYA\\Automation\\FBE\\FBE\\Reports\\DataPreparation\\PartyOnboardingPersonal\\20190820_165011\\1566296747709.png]]&#xD;
&#xD;
2019-08-20 16:55:48 - [MESSAGE][PASSED] - Object 'Object Repository/PartyOnboarding/Personal/PartyContacts/Contact Number_03_Code' has attribute 'readonly'&#xD;
&#xD;
2019-08-20 16:55:48 - [MESSAGE][PASSED] - Object 'Object Repository/PartyOnboarding/Personal/PartyContacts/Contact Email' is visible&#xD;
&#xD;
2019-08-20 16:55:48 - [MESSAGE][PASSED] - Keys 'nguyenthimyle@gmail.com' sent to object: 'Object Repository/PartyOnboarding/Personal/PartyContacts/Contact Email'&#xD;
&#xD;
2019-08-20 16:55:48 - [MESSAGE][PASSED] - Object 'Object Repository/PartyOnboarding/Personal/PartyContacts/Confirm Email' is visible&#xD;
&#xD;
2019-08-20 16:55:49 - [MESSAGE][PASSED] - Keys 'nguyenthimyle@gmail.com' sent to object: 'Object Repository/PartyOnboarding/Personal/PartyContacts/Confirm Email'&#xD;
&#xD;
2019-08-20 16:55:49 - [MESSAGE][PASSED] - Object 'Object Repository/PartyOnboarding/Personal/PartyContacts/Valid From' is visible&#xD;
&#xD;
2019-08-20 16:55:49 - [MESSAGE][PASSED] - Text of object 'Object Repository/PartyOnboarding/Personal/PartyContacts/Valid From' is cleared&#xD;
&#xD;
2019-08-20 16:55:49 - [MESSAGE][PASSED] - Object 'Object Repository/PartyOnboarding/Personal/PartyContacts/Valid From' is visible&#xD;
&#xD;
2019-08-20 16:55:50 - [MESSAGE][PASSED] - Keys '2018-01-26' sent to object: 'Object Repository/PartyOnboarding/Personal/PartyContacts/Valid From'&#xD;
&#xD;
2019-08-20 16:55:50 - [MESSAGE][PASSED] - Object 'Object Repository/PartyOnboarding/Personal/PartyContacts/Save Row' is visible&#xD;
&#xD;
2019-08-20 16:55:50 - [MESSAGE][PASSED] - Execute JavaScript 'arguments[0].click();' successfully&#xD;
&#xD;
2019-08-20 16:55:50 - [TEST_STEP][PASSED] - log.logInfo("--- Input data for Party Contacts - click Next ---"): --- Input data for Party Contacts - click Next ---&#xD;
&#xD;
2019-08-20 16:55:50 - [MESSAGE][INFO] - --- Input data for Party Contacts - click Next ---&#xD;
&#xD;
2019-08-20 16:55:50 - [TEST_STEP][PASSED] - partyOnboardingPersonal.clickNextbutton(): Object: 'Object Repository/PartyOnboarding/btn_Next' is clicked on&#xD;
&#xD;
2019-08-20 16:55:50 - [MESSAGE][PASSED] - Object 'Object Repository/PartyOnboarding/btn_Next' is visible&#xD;
&#xD;
2019-08-20 16:55:50 - [MESSAGE][PASSED] - Object: 'Object Repository/PartyOnboarding/btn_Next' is clicked on&#xD;
&#xD;
2019-08-20 16:55:50 - [TEST_STEP][PASSED] - log.logInfo("--- Input Party Required Documents - Input information for document---"): --- Input Party Required Documents - Input information for document---&#xD;
&#xD;
2019-08-20 16:55:50 - [MESSAGE][INFO] - --- Input Party Required Documents - Input information for document---&#xD;
&#xD;
2019-08-20 16:55:50 - [TEST_STEP][PASSED] - partyOnboardingPersonal.inputDataForPartyRequiredDocument(s12_documentCategory, s12_kycExpired, s12_documentType, s12_validFrom, s12_validTo, s12_referenceNumber, s12_issuingAuthority, s12_issuingCountry, s12_documentVerified, s12_image, s12_documentCollectionStatus): Keys 'Documents collected and validated centrally' sent to object: 'Object Repository/PartyOnboarding/Personal/PartyRequiredDocument/ddl_DocumentsCollectionStatus'&#xD;
&#xD;
2019-08-20 16:55:51 - [MESSAGE][PASSED] - Delayed 1 second(s)&#xD;
&#xD;
2019-08-20 16:55:51 - [MESSAGE][PASSED] - Object 'Object Repository/PartyOnboarding/Personal/PartyRequiredDocument/New Row' is visible&#xD;
&#xD;
2019-08-20 16:55:51 - [MESSAGE][PASSED] - Execute JavaScript 'arguments[0].click();' successfully&#xD;
&#xD;
2019-08-20 16:55:51 - [MESSAGE][PASSED] - Object 'Object Repository/PartyOnboarding/Personal/PartyRequiredDocument/DocumentCategory' is visible&#xD;
&#xD;
2019-08-20 16:55:51 - [MESSAGE][PASSED] - Keys 'ENTER + PT-NRC' sent to object: 'Object Repository/PartyOnboarding/Personal/PartyRequiredDocument/DocumentCategory'&#xD;
&#xD;
2019-08-20 16:55:51 - [MESSAGE][PASSED] - Object 'Object Repository/PartyOnboarding/Personal/PartyRequiredDocument/KYCExpiryDate' is visible&#xD;
&#xD;
2019-08-20 16:55:52 - [MESSAGE][PASSED] - Delayed 1 second(s)&#xD;
&#xD;
2019-08-20 16:55:53 - [MESSAGE][PASSED] - Text of object 'Object Repository/PartyOnboarding/Personal/PartyRequiredDocument/KYCExpiryDate' is cleared&#xD;
&#xD;
2019-08-20 16:55:53 - [MESSAGE][PASSED] - Object 'Object Repository/PartyOnboarding/Personal/PartyRequiredDocument/KYCExpiryDate' is visible&#xD;
&#xD;
2019-08-20 16:55:53 - [MESSAGE][PASSED] - Keys '2021-08-05' sent to object: 'Object Repository/PartyOnboarding/Personal/PartyRequiredDocument/KYCExpiryDate'&#xD;
&#xD;
2019-08-20 16:55:53 - [MESSAGE][PASSED] - Object 'Object Repository/PartyOnboarding/Personal/PartyRequiredDocument/Document Type' is visible&#xD;
&#xD;
2019-08-20 16:55:53 - [MESSAGE][PASSED] - Keys 'NRC' sent to object: 'Object Repository/PartyOnboarding/Personal/PartyRequiredDocument/Document Type'&#xD;
&#xD;
2019-08-20 16:55:53 - [MESSAGE][PASSED] - Object 'Object Repository/PartyOnboarding/Personal/PartyRequiredDocument/Valid From_document' is visible&#xD;
&#xD;
2019-08-20 16:55:53 - [MESSAGE][PASSED] - Text of object 'Object Repository/PartyOnboarding/Personal/PartyRequiredDocument/Valid From_document' is cleared&#xD;
&#xD;
2019-08-20 16:55:53 - [MESSAGE][PASSED] - Object 'Object Repository/PartyOnboarding/Personal/PartyRequiredDocument/Valid From_document' is visible&#xD;
&#xD;
2019-08-20 16:55:54 - [MESSAGE][PASSED] - Keys '2019-01-25' sent to object: 'Object Repository/PartyOnboarding/Personal/PartyRequiredDocument/Valid From_document'&#xD;
&#xD;
2019-08-20 16:55:54 - [MESSAGE][PASSED] - Object 'Object Repository/PartyOnboarding/Personal/PartyRequiredDocument/Valid To_document' is visible&#xD;
&#xD;
2019-08-20 16:55:54 - [MESSAGE][PASSED] - Keys '' sent to object: 'Object Repository/PartyOnboarding/Personal/PartyRequiredDocument/Valid To_document'&#xD;
&#xD;
2019-08-20 16:55:54 - [MESSAGE][PASSED] - Object 'Object Repository/PartyOnboarding/Personal/PartyRequiredDocument/input_Reference Number' is visible&#xD;
&#xD;
2019-08-20 16:55:54 - [MESSAGE][PASSED] - Keys '' sent to object: 'Object Repository/PartyOnboarding/Personal/PartyRequiredDocument/input_Reference Number'&#xD;
&#xD;
2019-08-20 16:55:54 - [MESSAGE][PASSED] - Object 'Object Repository/PartyOnboarding/Personal/PartyRequiredDocument/Issuing Authority' is visible&#xD;
&#xD;
2019-08-20 16:55:54 - [MESSAGE][PASSED] - Keys '' sent to object: 'Object Repository/PartyOnboarding/Personal/PartyRequiredDocument/Issuing Authority'&#xD;
&#xD;
2019-08-20 16:55:54 - [MESSAGE][PASSED] - Object 'Object Repository/PartyOnboarding/Personal/PartyRequiredDocument/Issuing Country' is visible&#xD;
&#xD;
2019-08-20 16:55:54 - [MESSAGE][PASSED] - Keys 'Bahrain' sent to object: 'Object Repository/PartyOnboarding/Personal/PartyRequiredDocument/Issuing Country'&#xD;
&#xD;
2019-08-20 16:55:55 - [MESSAGE][PASSED] - Object 'Object Repository/PartyOnboarding/Personal/PartyRequiredDocument/Document Verified' is visible&#xD;
&#xD;
2019-08-20 16:55:55 - [MESSAGE][PASSED] - Keys 'true' sent to object: 'Object Repository/PartyOnboarding/Personal/PartyRequiredDocument/Document Verified'&#xD;
&#xD;
2019-08-20 16:55:55 - [MESSAGE][PASSED] - Object 'Object Repository/PartyOnboarding/Personal/PartyRequiredDocument/Image ID_03' is visible&#xD;
&#xD;
2019-08-20 16:55:55 - [MESSAGE][PASSED] - Keys 'sugarrush' sent to object: 'Object Repository/PartyOnboarding/Personal/PartyRequiredDocument/Image ID_03'&#xD;
&#xD;
2019-08-20 16:55:55 - [MESSAGE][PASSED] - Object 'Object Repository/PartyOnboarding/Personal/PartyRequiredDocument/Save Row' is visible&#xD;
&#xD;
2019-08-20 16:55:55 - [MESSAGE][PASSED] - Execute JavaScript 'arguments[0].click();' successfully&#xD;
&#xD;
2019-08-20 16:55:55 - [MESSAGE][PASSED] - Object 'Object Repository/PartyOnboarding/Personal/PartyRequiredDocument/ddl_DocumentsCollectionStatus' is visible&#xD;
&#xD;
2019-08-20 16:55:57 - [MESSAGE][PASSED] - Keys 'Documents collected and validated centrally' sent to object: 'Object Repository/PartyOnboarding/Personal/PartyRequiredDocument/ddl_DocumentsCollectionStatus'&#xD;
&#xD;
2019-08-20 16:55:57 - [TEST_STEP][PASSED] - log.logInfo("--- Input Party Required Documents - Click Next button---"): --- Input Party Required Documents - Click Next button---&#xD;
&#xD;
2019-08-20 16:55:57 - [MESSAGE][INFO] - --- Input Party Required Documents - Click Next button---&#xD;
&#xD;
2019-08-20 16:55:57 - [TEST_STEP][PASSED] - partyOnboardingPersonal.clickNextbutton(): Object: 'Object Repository/PartyOnboarding/btn_Next' is clicked on&#xD;
&#xD;
2019-08-20 16:55:57 - [MESSAGE][PASSED] - Object 'Object Repository/PartyOnboarding/btn_Next' is visible&#xD;
&#xD;
2019-08-20 16:55:57 - [MESSAGE][PASSED] - Object: 'Object Repository/PartyOnboarding/btn_Next' is clicked on&#xD;
&#xD;
2019-08-20 16:55:57 - [TEST_STEP][PASSED] - log.logInfo("--- Input Party Required Documents - Record PartyID ---"): --- Input Party Required Documents - Record PartyID ---&#xD;
&#xD;
2019-08-20 16:55:57 - [MESSAGE][INFO] - --- Input Party Required Documents - Record PartyID ---&#xD;
&#xD;
2019-08-20 16:55:57 - [TEST_STEP][PASSED] - partyOnboardingPersonal.recordPartyId(): Attribute 'value' of object 'Object Repository/PartyOnboarding/Confirmation/PartyID' is: 'XTFHZ0HY'&#xD;
&#xD;
2019-08-20 16:55:58 - [MESSAGE][PASSED] - Attribute 'value' of object 'Object Repository/PartyOnboarding/Confirmation/PartyID' is: 'XTFHZ0HY'&#xD;
&#xD;
2019-08-20 16:55:58 - [TEST_STEP][PASSED] - log.logInfo("--- Ask For Approve - Click Next button ---"): --- Ask For Approve - Click Next button ---&#xD;
&#xD;
2019-08-20 16:55:58 - [MESSAGE][INFO] - --- Ask For Approve - Click Next button ---&#xD;
&#xD;
2019-08-20 16:55:58 - [TEST_STEP][PASSED] - partyOnboardingPersonal.clickNextbutton(): Object: 'Object Repository/PartyOnboarding/btn_Next' is clicked on&#xD;
&#xD;
2019-08-20 16:55:59 - [MESSAGE][PASSED] - Object 'Object Repository/PartyOnboarding/btn_Next' is visible&#xD;
&#xD;
2019-08-20 16:55:59 - [MESSAGE][PASSED] - Object: 'Object Repository/PartyOnboarding/btn_Next' is clicked on&#xD;
&#xD;
2019-08-20 16:55:59 - [TEST_STEP][PASSED] - log.logInfo("--- Ask For Approve - Click Ask For Approval button ---"): --- Ask For Approve - Click Ask For Approval button ---&#xD;
&#xD;
2019-08-20 16:55:59 - [MESSAGE][INFO] - --- Ask For Approve - Click Ask For Approval button ---&#xD;
&#xD;
2019-08-20 16:55:59 - [TEST_STEP][PASSED] - partyOnboardingPersonal.clickAskForApprovalbutton(): Object: 'Object Repository/PartyOnboarding/RequestToApproval/AskForApproval_btn' is clicked on&#xD;
&#xD;
2019-08-20 16:55:59 - [MESSAGE][PASSED] - Object 'Object Repository/PartyOnboarding/RequestToApproval/AskForApproval_btn' is visible&#xD;
&#xD;
2019-08-20 16:55:59 - [MESSAGE][PASSED] - Object: 'Object Repository/PartyOnboarding/RequestToApproval/AskForApproval_btn' is clicked on</system-out>
            <system-err></system-err>
        </testcase>
        <system-out>2019-08-20 16:50:14 - [TEST_SUITE][INCOMPLETE] - PartyOnboardingPersonal: null</system-out>
        <system-err>2019-08-20 16:50:14 - [TEST_SUITE][INCOMPLETE] - PartyOnboardingPersonal: null</system-err>
    </testsuite>
</testsuites>
